------------------------------------------------------------
/usr/bin/pip run on Sat Sep 10 18:08:47 2016
Downloading/unpacking SciPy
  Getting page https://pypi.python.org/simple/SciPy/
  URLs to search for versions for SciPy:
  * https://pypi.python.org/simple/SciPy/
  Analyzing links from page https://pypi.python.org/simple/scipy/
    Skipping https://pypi.python.org/packages/00/0f/060ec52cb74dc8df1a7ef1a524173eb0bcd329110404869b392685cfc5c8/scipy-0.15.1-cp27-cp27mu-manylinux1_x86_64.whl#md5=aaac02e6535742ab02f2075129890714 (from https://pypi.python.org/simple/scipy/) because it is not compatible with this Python
    Found link https://pypi.python.org/packages/01/a1/dce70d47377d662aa4b0895df8431aee92cea6faefaab9dae21b0f901ded/scipy-0.18.0.tar.gz#md5=d70e7f533622ab705bc016dac328d93e (from https://pypi.python.org/simple/scipy/), version: 0.18.0
    Skipping https://pypi.python.org/packages/02/7b/97fcdb6ea1f618b5553efe8ebba43af76a7970219a8aa7824434104d42fd/scipy-0.16.1-cp35-cp35m-macosx_10_6_intel.macosx_10_9_intel.macosx_10_9_x86_64.macosx_10_10_intel.macosx_10_10_x86_64.whl#md5=c24f6d9fb094fff8d2cbd238d7716d21 (from https://pypi.python.org/simple/scipy/) because it is not compatible with this Python
    Skipping https://pypi.python.org/packages/03/85/94259e11ad53aad9e508c2a4e80d7db603c4180c4cacd0f02c51563aa15f/scipy-0.15.0-cp33-cp33m-macosx_10_6_intel.macosx_10_9_intel.macosx_10_9_x86_64.macosx_10_10_intel.macosx_10_10_x86_64.whl#md5=f6c96a2cb737ad9f3f47db5089f8eba4 (from https://pypi.python.org/simple/scipy/) because it is not compatible with this Python
    Found link https://pypi.python.org/packages/05/5e/973bf71cfa865d962a68893e35e366a0a7ac0b713bc398b4e584c1bed982/scipy-0.17.1.tar.gz#md5=8987b9a3e3cd79218a0a423b21c8e4de (from https://pypi.python.org/simple/scipy/), version: 0.17.1
    Skipping https://pypi.python.org/packages/06/f1/717f43612df6f0b02560a1f91c262fc0add56abb73df878faefc2f21856e/scipy-0.17.0-cp34-cp34m-manylinux1_x86_64.whl#md5=04060803f2a74270400e8c5bcedf1a13 (from https://pypi.python.org/simple/scipy/) because it is not compatible with this Python
    Skipping https://pypi.python.org/packages/07/59/a7746e40e709a23f14b3bac4567fd6ec529e72545c54929b9a66ef5c7771/scipy-0.15.0-cp27-cp27m-manylinux1_x86_64.whl#md5=964cec623705873ec1c37408ecf96de6 (from https://pypi.python.org/simple/scipy/) because it is not compatible with this Python
    Skipping https://pypi.python.org/packages/07/d4/ff7d404e09fc460599b9754ddc8293a11f33e52e23003960148a35f415d0/scipy-0.18.0rc2-cp27-cp27m-manylinux1_x86_64.whl#md5=608a25181f419e35fc6f3db31450d758 (from https://pypi.python.org/simple/scipy/) because it is not compatible with this Python
    Skipping https://pypi.python.org/packages/08/b7/205769a2a7d1d813b88e2936876c218ab902958160c99c26670c907fd14c/scipy-0.16.1-cp33-cp33m-macosx_10_6_intel.macosx_10_9_intel.macosx_10_9_x86_64.macosx_10_10_intel.macosx_10_10_x86_64.whl#md5=6083faba0ca1ff06073b0f60129da7a6 (from https://pypi.python.org/simple/scipy/) because it is not compatible with this Python
    Skipping https://pypi.python.org/packages/09/0c/f9a5f5b33bd78255001f78174ecae5dc9b4247802204968075559a836a3c/scipy-0.17.1-cp33-cp33m-macosx_10_6_intel.macosx_10_9_intel.macosx_10_9_x86_64.macosx_10_10_intel.macosx_10_10_x86_64.whl#md5=fb8db0983f17230f0ea012de425d8184 (from https://pypi.python.org/simple/scipy/) because it is not compatible with this Python
    Skipping https://pypi.python.org/packages/0d/93/d7dbecc8412ca69b78a8e95d227b492c1ae3c217dd7efd1b3d6319abe7f9/scipy-0.17.1-cp34-cp34m-macosx_10_6_intel.macosx_10_9_intel.macosx_10_9_x86_64.macosx_10_10_intel.macosx_10_10_x86_64.whl#md5=c0f259db6fdd8554182b9dc638a1dc29 (from https://pypi.python.org/simple/scipy/) because it is not compatible with this Python
    Skipping https://pypi.python.org/packages/10/fe/9910b5b366d4657c5bcce29e1d7b3c472166a5b0938be39c4499744848ea/scipy-0.17.1-cp34-cp34m-manylinux1_i686.whl#md5=5effa7220474b0071a3756f512076a21 (from https://pypi.python.org/simple/scipy/) because it is not compatible with this Python
    Skipping https://pypi.python.org/packages/11/72/838cbee2404fad56002e0160bf9028e9dbc71c95c66d8093b70b19df0e35/scipy-0.16.1-cp27-cp27mu-manylinux1_x86_64.whl#md5=487ccca7b1527897e96e6181c04f7270 (from https://pypi.python.org/simple/scipy/) because it is not compatible with this Python
    Skipping https://pypi.python.org/packages/11/d7/924204fe223875f8f23cf5d4ee596b0f087cdb47254e659a05b5776264b8/scipy-0.10.0-cp27-cp27m-manylinux1_x86_64.whl#md5=ae132f3fe930929c15ec844e21ea9e04 (from https://pypi.python.org/simple/scipy/) because it is not compatible with this Python
    Skipping https://pypi.python.org/packages/11/d7/dd05cf7ff2bde32d5f079755f265db3173d808071fb91eec569f784c3486/scipy-0.12.0-cp27-cp27mu-manylinux1_x86_64.whl#md5=775790ddf78944663edebdb9dd7f5ac5 (from https://pypi.python.org/simple/scipy/) because it is not compatible with this Python
    Skipping https://pypi.python.org/packages/12/62/ee2b48d5117d6897f13d1e3e01cae50b479ab73f9d7131686808edcac5c1/scipy-0.9.0-cp27-cp27mu-manylinux1_x86_64.whl#md5=d640d7fb80614a959b3bdaf3ffb22673 (from https://pypi.python.org/simple/scipy/) because it is not compatible with this Python
    Skipping https://pypi.python.org/packages/13/b2/70a4992e0ef711122ba1d7fc0edc5fe121b105f768c020eff1ffac2ea8a0/scipy-0.14.0-cp27-cp27mu-manylinux1_x86_64.whl#md5=1823637e1d7c2a86b4edc1ef589c9137 (from https://pypi.python.org/simple/scipy/) because it is not compatible with this Python
    Skipping https://pypi.python.org/packages/13/d2/4e83ca14320c2836138839a2660700cbdcb548068e9abe56da75259ea3db/scipy-0.17.1-cp35-cp35m-manylinux1_i686.whl#md5=3ab2d58731c6cef9e37381c738258e09 (from https://pypi.python.org/simple/scipy/) because it is not compatible with this Python
    Found link https://pypi.python.org/packages/14/f1/d753f3ce965fdf8c84691d8fce06b650f105d00f38a21bbb99b04c235abd/scipy-0.18.0rc2.zip#md5=21decd4fb8f85e2a389864b35f0b879d (from https://pypi.python.org/simple/scipy/), version: 0.18.0rc2
    Found link https://pypi.python.org/packages/16/87/fdd4d069b1e784d4598605c20d8a7c535883b298aef960dc286b395359d7/scipy-0.17.0.tar.gz#md5=5ff2971e1ce90e762c59d2cd84837224 (from https://pypi.python.org/simple/scipy/), version: 0.17.0
    Found link https://pypi.python.org/packages/17/4c/3c01634c5332e1969a27fe5b249fc72a9e79c178f841aedc2635bcf61dee/scipy-0.14.1.tar.gz#md5=1bfedd3197b3e3f8cd131ae2c06a1bf5 (from https://pypi.python.org/simple/scipy/), version: 0.14.1
    Skipping https://pypi.python.org/packages/18/5f/194c31e058c6f1ce1fb42e01868de346e549806e9c73d3772a71bf631259/scipy-0.13.1-cp34-cp34m-manylinux1_x86_64.whl#md5=2366a311fc5750fefd15e346025d28da (from https://pypi.python.org/simple/scipy/) because it is not compatible with this Python
    Found link https://pypi.python.org/packages/18/a9/21de57e031a441a5135236dd3e14c84e48030d6436619212b01aad821a0e/scipy-0.12.0.zip#md5=e4b9f3cb2e965fc8751faedfb9164d08 (from https://pypi.python.org/simple/scipy/), version: 0.12.0
    Skipping https://pypi.python.org/packages/18/f6/42a07d7835a51cd73adfdf1b7d1f842bbc4792be29fb3574c87854fb4e28/scipy-0.13.2-cp33-cp33m-manylinux1_x86_64.whl#md5=0898feeb05585dc36904d7c657ccfe58 (from https://pypi.python.org/simple/scipy/) because it is not compatible with this Python
    Skipping https://pypi.python.org/packages/19/85/3add57ed6cdfbe798aa35e63bc3c8d159fed13e437841c32cf73bac850b6/scipy-0.16.0-cp35-cp35m-manylinux1_x86_64.whl#md5=ccd82ddc3e3b7f0d35c04a5fe248f699 (from https://pypi.python.org/simple/scipy/) because it is not compatible with this Python
    Skipping https://pypi.python.org/packages/19/b1/a3ea10ee5425ca3c04f63aba1bb72e4d8f5535db99389016e980063238ac/scipy-0.9.0-cp26-cp26mu-manylinux1_x86_64.whl#md5=234d2300c7654b86cecaacfabc10812f (from https://pypi.python.org/simple/scipy/) because it is not compatible with this Python
    Skipping https://pypi.python.org/packages/19/bc/bebd680620eab9a0d28db680421fc28629f3a8f77b4798976a3d2c18774b/scipy-0.14.0-cp34-cp34m-macosx_10_6_intel.macosx_10_9_intel.macosx_10_9_x86_64.whl#md5=de679794f46812c784845835371539f4 (from https://pypi.python.org/simple/scipy/) because it is not compatible with this Python
    Skipping https://pypi.python.org/packages/1a/65/0a776262af035e07cb499d551114c6de00a5816b652f8dfcf95be5df214a/scipy-0.13.3-cp34-cp34m-manylinux1_x86_64.whl#md5=c53c78818bd7c3d7aa0164c468323158 (from https://pypi.python.org/simple/scipy/) because it is not compatible with this Python
    Skipping https://pypi.python.org/packages/1b/8a/81d22c337170eee748db88601f3130c53b5d1d6ccf46a02f613755e3e1ae/scipy-0.13.1-cp27-cp27mu-manylinux1_x86_64.whl#md5=ea15b0d3aa476f941fbcaf3ff0027817 (from https://pypi.python.org/simple/scipy/) because it is not compatible with this Python
    Skipping https://pypi.python.org/packages/1b/d2/f5921d8a32c5e3fe94a98f5f3482fdf4a18422b20189a3bcf7a08b38338d/scipy-0.12.1-cp33-cp33m-manylinux1_x86_64.whl#md5=f00a230088979b49f942e4207de4db5d (from https://pypi.python.org/simple/scipy/) because it is not compatible with this Python
    Skipping https://pypi.python.org/packages/1c/29/78db0e6a09421c5cf6582cbce71cbdebd3eb109703451a63eaf954c10757/scipy-0.18.0rc2-cp34-cp34m-manylinux1_x86_64.whl#md5=c186a0ff0d4e949571436e40f4fdd900 (from https://pypi.python.org/simple/scipy/) because it is not compatible with this Python
    Found link https://pypi.python.org/packages/1d/b2/8c9536ac96c5f650e939471adea4b53ac0f98e6742745344a4d7ebd3950c/scipy-0.13.2.zip#md5=9befa30e546fba762a0c1695a509f731 (from https://pypi.python.org/simple/scipy/), version: 0.13.2
    Skipping https://pypi.python.org/packages/1f/fa/8ffc385c865beebb0d34b7e685fc1cfd8632e3e2870e21b87397d057f58c/scipy-0.16.0-cp26-cp26mu-manylinux1_x86_64.whl#md5=ce3596b14d36bb92180f90a290e3afd6 (from https://pypi.python.org/simple/scipy/) because it is not compatible with this Python
    Found link https://pypi.python.org/packages/23/fc/182b0c0a3642200c8bfd09a959d7bec3f36127df4b28b509f93922c62f0f/scipy-0.11.0.tar.gz#md5=842c81d35fd63579c41a8ca21a2419b9 (from https://pypi.python.org/simple/scipy/), version: 0.11.0
    Skipping https://pypi.python.org/packages/25/46/35893bdb79e9c5d3ee511e8cde67f54b4474aa32aa21aac426cb34ee8a14/scipy-0.18.0rc2-cp35-cp35m-manylinux1_i686.whl#md5=19b3ad306dda97bb03da2d90bc26b223 (from https://pypi.python.org/simple/scipy/) because it is not compatible with this Python
    Skipping https://pypi.python.org/packages/26/6b/c077047dd84280a5b5a57d1f312225d057f88d288f734cb8d1c21a12069b/scipy-0.11.0-cp26-cp26mu-manylinux1_x86_64.whl#md5=d001dc5c5843160c92b5c2cac275c181 (from https://pypi.python.org/simple/scipy/) because it is not compatible with this Python
    Skipping https://pypi.python.org/packages/2b/36/3876b40c75a8d374f80925f9f9f246893d4a1d99f1aada281e14f9e2901f/scipy-0.18.0-cp34-cp34m-manylinux1_x86_64.whl#md5=d8b88298b048884225708494bc51f249 (from https://pypi.python.org/simple/scipy/) because it is not compatible with this Python
    Skipping https://pypi.python.org/packages/2b/41/1ad811404383231ac90daa66add360d71a9faf19d8be05fb5fb1c975cbf7/scipy-0.14.1rc1.dev_52fb336-cp27-none-macosx_10_6_intel.macosx_10_9_intel.macosx_10_9_x86_64.macosx_10_10_intel.macosx_10_10_x86_64.whl#md5=77ed947568d9d7b42f71ca84dce6b590 (from https://pypi.python.org/simple/scipy/) because it is not compatible with this Python
    Skipping https://pypi.python.org/packages/2d/e6/c5a88e2a9d92389cc358ece1602c1512ac0c03fba4ab99939e8fab8fabba/scipy-0.13.3-cp27-cp27mu-manylinux1_x86_64.whl#md5=27aaae1bd5112533da19e98bef5b74f3 (from https://pypi.python.org/simple/scipy/) because it is not compatible with this Python
    Found link https://pypi.python.org/packages/2f/12/565c08132db50a0ba34a33e0901f3d1d4d72e3b432ea828e4d87be5a4991/scipy-0.13.3.tar.gz#md5=0547c1f8e8afad4009cc9b5ef17a2d4d (from https://pypi.python.org/simple/scipy/), version: 0.13.3
    Skipping https://pypi.python.org/packages/2f/91/40767d6fb5791c3f58238ffad6f968bd89875be2464808194118b679cc9b/scipy-0.14.1rc1-cp34-cp34m-macosx_10_6_intel.macosx_10_9_intel.macosx_10_9_x86_64.macosx_10_10_intel.macosx_10_10_x86_64.whl#md5=ebdd363cfce65ceb62c456a8e6047ef7 (from https://pypi.python.org/simple/scipy/) because it is not compatible with this Python
    Skipping https://pypi.python.org/packages/32/64/e492c39084f802e35272e962487e9cc988efa8a8348aa8768920bd21a123/scipy-0.18.0-cp34-cp34m-manylinux1_i686.whl#md5=6e7bcd119bfcd3504f5d432424779fd2 (from https://pypi.python.org/simple/scipy/) because it is not compatible with this Python
    Skipping https://pypi.python.org/packages/34/53/88566a8d960e1f3ebea0af46b4570b6d96acd622bbc9f3e833ca74f905fa/scipy-0.17.0-cp27-cp27mu-manylinux1_x86_64.whl#md5=a5c0cf531a073dd3d2746856863bb4dd (from https://pypi.python.org/simple/scipy/) because it is not compatible with this Python
    Found link https://pypi.python.org/packages/34/ac/f793c8f18b6f188788b37aae02d94689ac8df317f09a681a3a61ecc466ab/scipy-0.13.0.tar.gz#md5=ffa1e9bfd2bbdf3f17f4cf8139084098 (from https://pypi.python.org/simple/scipy/), version: 0.13.0
    Skipping https://pypi.python.org/packages/34/fb/561a9da3563aca589aef20c4bd95dc91b941171b7266a726fd7cda3afd1c/scipy-0.14.1-cp34-cp34m-manylinux1_x86_64.whl#md5=b2042be8047ec9d907a6f97422079efe (from https://pypi.python.org/simple/scipy/) because it is not compatible with this Python
    Skipping https://pypi.python.org/packages/35/00/6b39b77ed32fe4613309116bca0e0daa28116dd3b42faaebbe7c62592c81/scipy-0.12.0-cp26-cp26mu-manylinux1_x86_64.whl#md5=b142edabdb73b4ebfb7fe7c44a44d6fe (from https://pypi.python.org/simple/scipy/) because it is not compatible with this Python
    Skipping https://pypi.python.org/packages/35/3d/5ff0c7cae93b33191813a25c6b7c950ab5fc521fb30cd78332306e84e64d/scipy-0.14.1rc1.dev_52fb336-cp33-cp33m-macosx_10_6_intel.macosx_10_9_intel.macosx_10_9_x86_64.macosx_10_10_intel.macosx_10_10_x86_64.whl#md5=b7514dd98239f5ec98fe290947a62906 (from https://pypi.python.org/simple/scipy/) because it is not compatible with this Python
    Skipping https://pypi.python.org/packages/35/7a/b0209d4b29b2b5572c05dd4fca7c5821f0b9e5130dccbab45fed7f41df40/scipy-0.12.0-cp34-cp34m-manylinux1_x86_64.whl#md5=80d185880088af1d98a46fbdf1ffed2c (from https://pypi.python.org/simple/scipy/) because it is not compatible with this Python
    Skipping https://pypi.python.org/packages/35/9d/2f08555e1b07bca150767c1cce80e56c6a891505d87587638aa1e4d60c7b/scipy-0.12.0-cp27-cp27m-manylinux1_x86_64.whl#md5=241042d9df13799d1cccb81fd30f806e (from https://pypi.python.org/simple/scipy/) because it is not compatible with this Python
    Skipping https://pypi.python.org/packages/38/a9/abff072f949fe2b3a813cd2e46b042f136ccfe740c47c5207c3defa44730/scipy-0.14.1-cp27-none-macosx_10_6_intel.macosx_10_9_intel.macosx_10_9_x86_64.macosx_10_10_intel.macosx_10_10_x86_64.whl#md5=6bdf3109da07d8d6caeb438777d312dc (from https://pypi.python.org/simple/scipy/) because it is not compatible with this Python
    Skipping https://pypi.python.org/packages/39/49/49ef2530361dfd90c4597f54ad48e3ae72744e2193c7c479b0bb85ca5daf/scipy-0.16.1-cp27-none-macosx_10_6_intel.macosx_10_9_intel.macosx_10_9_x86_64.macosx_10_10_intel.macosx_10_10_x86_64.whl#md5=2fe1f50ee6e49761d4b68c4a59d6ff72 (from https://pypi.python.org/simple/scipy/) because it is not compatible with this Python
    Found link https://pypi.python.org/packages/39/55/1327ead5a00312976e2f7ee9486c31d38f336375a7bdba64dbd65022c818/scipy-0.13.1.zip#md5=485411032b02583b4eb63caec6f2a916 (from https://pypi.python.org/simple/scipy/), version: 0.13.1
    Skipping https://pypi.python.org/packages/39/65/6142de2d8edfa96f4917203a1d8d5f5e1e160500a577a80eb4498800e225/scipy-0.12.1-cp34-cp34m-manylinux1_x86_64.whl#md5=bb7642c88a973a2bff14dc4a8ad4edce (from https://pypi.python.org/simple/scipy/) because it is not compatible with this Python
    Skipping https://pypi.python.org/packages/3a/2b/02a9496828e319b0dbcf4f8d71be0b25908fec39f28271914541eb6edf8d/scipy-0.13.3-cp27-cp27m-manylinux1_x86_64.whl#md5=0b733ba4af26366baa9797a3880cefcb (from https://pypi.python.org/simple/scipy/) because it is not compatible with this Python
    Skipping https://pypi.python.org/packages/3b/9a/9da7f347abcd83a40ffa737f910f148cadce2722c670a368fa438956ba0d/scipy-0.13.1-cp26-cp26mu-manylinux1_x86_64.whl#md5=fd3fa48e97b7ab1483b2568183c7515b (from https://pypi.python.org/simple/scipy/) because it is not compatible with this Python
    Skipping https://pypi.python.org/packages/3f/9a/09edc932e4f40ddc17293747892891690e68a27714ed09bcf21bb21a5ada/scipy-0.17.1-cp27-cp27m-manylinux1_i686.whl#md5=b4dc6450e003d028138452d342f8771c (from https://pypi.python.org/simple/scipy/) because it is not compatible with this Python
    Found link https://pypi.python.org/packages/3f/b6/a92d396a55266fc90995202d7baad3aab9eb0e832ac8e91a16cb69c372c4/scipy-0.14.0.zip#md5=7ee4fa9e756bab6b46b79f77c821cb68 (from https://pypi.python.org/simple/scipy/), version: 0.14.0
    Skipping https://pypi.python.org/packages/40/45/3a3d2cd5389f5f392d555f443afed377807f9342c1ba749ad52c9a3b99d0/scipy-0.18.0rc2-cp35-cp35m-manylinux1_x86_64.whl#md5=3fe9e01f01b293499c5f4ff49b0249e1 (from https://pypi.python.org/simple/scipy/) because it is not compatible with this Python
    Skipping https://pypi.python.org/packages/40/ee/dbf4f8da26a04e68680138dc4feb80fd648d0ff34673e782a2d363d67cb5/scipy-0.13.0-cp27-cp27mu-manylinux1_x86_64.whl#md5=bcc4468cf94875011fbadc6fb6e6070c (from https://pypi.python.org/simple/scipy/) because it is not compatible with this Python
    Skipping https://pypi.python.org/packages/40/fa/1c882b421b219bbbec71bd015c683cefb5d7971cd5e9f65fb84806d51680/scipy-0.17.1-cp35-cp35m-macosx_10_6_intel.macosx_10_9_intel.macosx_10_9_x86_64.macosx_10_10_intel.macosx_10_10_x86_64.whl#md5=31b721cb87fa63ba2898e153fbd758de (from https://pypi.python.org/simple/scipy/) because it is not compatible with this Python
    Skipping https://pypi.python.org/packages/44/56/5844713f63e070478816225a4cdee82cffc409bb11997beab4dbd57d5ac6/scipy-0.18.0-cp35-cp35m-manylinux1_x86_64.whl#md5=8f28a30aba8dd7fa4c1704088347684e (from https://pypi.python.org/simple/scipy/) because it is not compatible with this Python
    Found link https://pypi.python.org/packages/46/b6/81a0f305a81b48aa1338da1018ae022c6cff1c83f78fc7f831057db3d46a/scipy-0.16.0.tar.gz#md5=eb95dda0f36cc3096673993a350cde77 (from https://pypi.python.org/simple/scipy/), version: 0.16.0
    Skipping https://pypi.python.org/packages/47/7c/2863bc6f599cfad79252e63638ae9aa3748850e4d51c21b481263212090f/scipy-0.13.3-cp33-cp33m-manylinux1_x86_64.whl#md5=aaede5ee9249a2ee0daab1b68a860fa0 (from https://pypi.python.org/simple/scipy/) because it is not compatible with this Python
    Skipping https://pypi.python.org/packages/47/cf/50f080f3512907c42c1e8966f958dad4e35eec6b64a055b8dd911f5aa611/scipy-0.12.0-cp27-none-macosx_10_6_intel.macosx_10_9_intel.macosx_10_9_x86_64.whl#md5=8230187d0f2580bbdf78fa1b56b01087 (from https://pypi.python.org/simple/scipy/) because it is not compatible with this Python
    Skipping https://pypi.python.org/packages/48/9b/7bd7a2a73de1d22b61f21d5f88b02344044caa68f9e90f043a98300e2d50/scipy-0.14.1rc1.dev_205726a-cp33-cp33m-macosx_10_6_intel.macosx_10_9_intel.macosx_10_9_x86_64.macosx_10_10_intel.macosx_10_10_x86_64.whl#md5=27038263a15a4c125ded37f7f1dff9d3 (from https://pypi.python.org/simple/scipy/) because it is not compatible with this Python
    Skipping https://pypi.python.org/packages/49/0f/df9850f6311456ade84a0129783ce85ee517c979dbff69e3ebd1e877cb4d/scipy-0.10.0-cp26-cp26mu-manylinux1_x86_64.whl#md5=044af71389ac2ad3d3ece24d0baf4c07 (from https://pypi.python.org/simple/scipy/) because it is not compatible with this Python
    Found link https://pypi.python.org/packages/4a/d5/4ef01e811dd6d166fdbef558a52725828f6b6ba253edac445d836ab88b1e/scipy-0.10.1.zip#md5=4156cc1b765eb186de9518a94b6c3518 (from https://pypi.python.org/simple/scipy/), version: 0.10.1
    Skipping https://pypi.python.org/packages/4b/d3/56cbe9ed12650072ce0f9669ed99657840db15d756ce4084c82b50b92f25/scipy-0.16.1-cp35-cp35m-manylinux1_x86_64.whl#md5=a661d23cadb3be1bd7963c1a18c9d707 (from https://pypi.python.org/simple/scipy/) because it is not compatible with this Python
    Skipping https://pypi.python.org/packages/4d/4d/b2020db3ab453cf3f85dc0dedae7b4a753a6887f01a83eb8114599e3d20c/scipy-0.17.1-cp27-cp27m-macosx_10_6_intel.macosx_10_9_intel.macosx_10_9_x86_64.macosx_10_10_intel.macosx_10_10_x86_64.whl#md5=ba7fead033820a678f6e1e927eb104a3 (from https://pypi.python.org/simple/scipy/) because it is not compatible with this Python
    Found link https://pypi.python.org/packages/4d/ed/08313eb178d8710c2f29bdf4e1efac55f716a6bcd40852cf80bc5d3d117f/scipy-0.9.0.tar.gz#md5=ebfef6e8e82d15c875a4ee6a46d4e1cd (from https://pypi.python.org/simple/scipy/), version: 0.9.0
    Skipping https://pypi.python.org/packages/4f/35/08aeb8c975cf4fd853bde8299df8478d6041dcd52c2ff5ba3e1eeb4c0549/scipy-0.18.0rc2-cp27-cp27m-macosx_10_6_intel.macosx_10_9_intel.macosx_10_9_x86_64.macosx_10_10_intel.macosx_10_10_x86_64.whl#md5=1c3bd0ae661317150cab85a38692a911 (from https://pypi.python.org/simple/scipy/) because it is not compatible with this Python
    Found link https://pypi.python.org/packages/51/1c/d53b2c99f8dd94307ddc92772c7a696b045384c40e039240c24c3b2bae28/scipy-0.12.0.tar.gz#md5=8fb4da324649f655e8557ea92b998786 (from https://pypi.python.org/simple/scipy/), version: 0.12.0
    Skipping https://pypi.python.org/packages/56/c5/e0d36aaf719aa02ee3da19151045912e240d145586612e53b5eaa706e1db/scipy-0.15.1-cp34-cp34m-manylinux1_x86_64.whl#md5=d5243b0f9d85f4f4cb62514c82af93d4 (from https://pypi.python.org/simple/scipy/) because it is not compatible with this Python
    Skipping https://pypi.python.org/packages/57/8a/f8f7316275478f1c43fb2f090e238c5636847472844c2d1a10d90cdf78ab/scipy-0.12.1-cp26-cp26mu-manylinux1_x86_64.whl#md5=e8cc7f05f2821132e305d3e6bdc42f99 (from https://pypi.python.org/simple/scipy/) because it is not compatible with this Python
    Skipping https://pypi.python.org/packages/57/c9/da06bc960279c0561e122439e781b45348811523aac3ccb643a4d1ed3839/scipy-0.13.3-cp34-cp34m-macosx_10_6_intel.whl#md5=0042a2e09d1632b47ed4fdb411cf9821 (from https://pypi.python.org/simple/scipy/) because it is not compatible with this Python
    Skipping https://pypi.python.org/packages/57/dc/a892e265f61b32a0852e6417e71020700d7b3cc6b66b2850f39e7c720146/scipy-0.14.1-cp33-cp33m-manylinux1_x86_64.whl#md5=561ff8f7df4e92466217045d5cd963d4 (from https://pypi.python.org/simple/scipy/) because it is not compatible with this Python
    Skipping https://pypi.python.org/packages/59/8e/c9adb205eb4342e4210c263b525e8a25d32f8958faa7823e35f45f515397/scipy-0.10.0-cp27-none-macosx_10_6_intel.macosx_10_9_intel.macosx_10_9_x86_64.whl#md5=310a518b189f32116da85e1762126b1a (from https://pypi.python.org/simple/scipy/) because it is not compatible with this Python
    Skipping https://pypi.python.org/packages/5a/66/1ae35b5c0c83f6d1abbe5d215a9968c70cb188d50e09c01e01e0f38994fc/scipy-0.15.0-cp34-cp34m-macosx_10_6_intel.macosx_10_9_intel.macosx_10_9_x86_64.macosx_10_10_intel.macosx_10_10_x86_64.whl#md5=4b7fc70b09576ef91e3ff4b005816379 (from https://pypi.python.org/simple/scipy/) because it is not compatible with this Python
    Skipping https://pypi.python.org/packages/5b/bd/fb2f8e2060727fa73744463307370051ff3b8d9ced2109df74d4aa17c201/scipy-0.14.1-cp27-cp27mu-manylinux1_x86_64.whl#md5=f92e22cbdcd40084b805abf3289c9bce (from https://pypi.python.org/simple/scipy/) because it is not compatible with this Python
    Skipping https://pypi.python.org/packages/5c/49/0f8a39d8a271810a4fc490159a4b5d33bcea86b055c875f781c29d4ed211/scipy-0.16.0-cp33-cp33m-macosx_10_6_intel.macosx_10_9_intel.macosx_10_9_x86_64.macosx_10_10_intel.macosx_10_10_x86_64.whl#md5=e4f22d7fd97ce305902e6251d3248466 (from https://pypi.python.org/simple/scipy/) because it is not compatible with this Python
    Skipping https://pypi.python.org/packages/5c/86/cb2a73d13971b023befc40657ff8c38cc8c1dfa11c140921903f9bbfc4a7/scipy-0.10.1-cp27-cp27m-manylinux1_x86_64.whl#md5=5621c492b9759f2fde9dcba3352a5721 (from https://pypi.python.org/simple/scipy/) because it is not compatible with this Python
    Found link https://pypi.python.org/packages/5e/a3/d7241ac3921157e1f17569ad0591ed1966cacd3dc97c8abcf5807049e244/scipy-0.18.0.zip#md5=9ec1363dde2f2c16e833d3cd09f0dd13 (from https://pypi.python.org/simple/scipy/), version: 0.18.0
    Skipping https://pypi.python.org/packages/5e/d8/34e59388803d46e830bf932ab86bd8ccdaf3ce81b1a28302b249948a5ed6/scipy-0.16.0-cp27-none-macosx_10_6_intel.macosx_10_9_intel.macosx_10_9_x86_64.macosx_10_10_intel.macosx_10_10_x86_64.whl#md5=60e842bcf8b95affc19ef6f2a4bd5bb9 (from https://pypi.python.org/simple/scipy/) because it is not compatible with this Python
    Skipping https://pypi.python.org/packages/5e/ff/4477dd1cab2f54cce793de662d6546d4ccd4ca2f1795dab46ec983fa9082/scipy-0.18.0-cp27-cp27m-manylinux1_i686.whl#md5=f203cdea575c4e5d9c11f88480e609c4 (from https://pypi.python.org/simple/scipy/) because it is not compatible with this Python
    Skipping https://pypi.python.org/packages/61/77/30c29264e19b0d18f2eb143462241f16aa5b9302e38a9225efa55677e78c/scipy-0.18.0rc2-cp27-cp27mu-manylinux1_x86_64.whl#md5=e544246013b716950b7b0d62b6495a1f (from https://pypi.python.org/simple/scipy/) because it is not compatible with this Python
    Skipping https://pypi.python.org/packages/63/3f/b69f4504e23400a6fa7c56c2b0a36d4cc40fd23341c9ffb2e1bc474309ff/scipy-0.13.0-cp33-cp33m-macosx_10_6_intel.macosx_10_9_intel.macosx_10_9_x86_64.whl#md5=d451fff29fd3d7aa501d6206bfed15f2 (from https://pypi.python.org/simple/scipy/) because it is not compatible with this Python
    Skipping https://pypi.python.org/packages/65/a0/4b3d716ed9299d68086ff8f68b64a0fa958ab0076a94be6b070e1fb7839f/scipy-0.15.1-cp33-cp33m-macosx_10_6_intel.macosx_10_9_intel.macosx_10_9_x86_64.macosx_10_10_intel.macosx_10_10_x86_64.whl#md5=dae3174d812f31696e6d8bca2d5a1b20 (from https://pypi.python.org/simple/scipy/) because it is not compatible with this Python
    Skipping https://pypi.python.org/packages/68/14/8b5f70e1ad66fbb9548a00e42cec56de84bec815912b8c9f53c179802fd9/scipy-0.16.0-cp34-cp34m-macosx_10_6_intel.macosx_10_9_intel.macosx_10_9_x86_64.macosx_10_10_intel.macosx_10_10_x86_64.whl#md5=66095f15bbb94db991cdb4cc66eac01b (from https://pypi.python.org/simple/scipy/) because it is not compatible with this Python
    Found link https://pypi.python.org/packages/68/e0/77615ca6a9a053d9d19f4abab0e27514161eba97da47ea601b73c237cd48/scipy-0.11.0.zip#md5=40b700ddde9ddab643b640fff7a9d753 (from https://pypi.python.org/simple/scipy/), version: 0.11.0
    Skipping https://pypi.python.org/packages/6a/31/65ae90597cd31d20ee179a5351fafb4f698ceb335624b96468ae7dfc4b28/scipy-0.18.0-cp34-cp34m-macosx_10_6_intel.macosx_10_9_intel.macosx_10_9_x86_64.macosx_10_10_intel.macosx_10_10_x86_64.whl#md5=aec151bd64fee0651dc804f8b57a1948 (from https://pypi.python.org/simple/scipy/) because it is not compatible with this Python
    Skipping https://pypi.python.org/packages/6e/e8/cfcfe2801887a819081cd72df1428eed591297adaa5f9c76631e7a8b1df7/scipy-0.16.1-cp34-cp34m-macosx_10_6_intel.macosx_10_9_intel.macosx_10_9_x86_64.macosx_10_10_intel.macosx_10_10_x86_64.whl#md5=32056047a528677ec93f879c24235bc3 (from https://pypi.python.org/simple/scipy/) because it is not compatible with this Python
    Skipping https://pypi.python.org/packages/6f/34/89d8a7d2f5d7c4e4ebd75f44adb4367b14abbd8dd28ab17bc798d4e38629/scipy-0.13.3-cp27-none-macosx_10_6_intel.whl#md5=4bc791c9f37645380cab2843e63d18db (from https://pypi.python.org/simple/scipy/) because it is not compatible with this Python
    Skipping https://pypi.python.org/packages/70/f7/5cf0b8ac375bf8c62f78cdf2e43f7d6f949b65c63d6c231bf7f5761d272e/scipy-0.13.2-cp27-cp27mu-manylinux1_x86_64.whl#md5=76472b79b20706b41c0d7ce8048a9b6a (from https://pypi.python.org/simple/scipy/) because it is not compatible with this Python
    Skipping https://pypi.python.org/packages/73/bb/47e899fe7c6d976e90f70f313fb2d1697ec981457c907d7abc951f0affa1/scipy-0.17.0-cp33-cp33m-macosx_10_6_intel.macosx_10_9_intel.macosx_10_9_x86_64.macosx_10_10_intel.macosx_10_10_x86_64.whl#md5=a77d71df0552df9944a93f930741eebf (from https://pypi.python.org/simple/scipy/) because it is not compatible with this Python
    Skipping https://pypi.python.org/packages/74/55/69a4e7d9c093b4b2bb6c60ad634a122f93bf420c83331df6f3a6fbfad248/scipy-0.14.0-cp27-cp27m-manylinux1_x86_64.whl#md5=239ecb6a4f3bf0b3154539e710453f6a (from https://pypi.python.org/simple/scipy/) because it is not compatible with this Python
    Skipping https://pypi.python.org/packages/74/5a/2a7474768bffb3ee40544f91d4d9673e838bf3d6982bb05a1cf2487a8f7e/scipy-0.17.0-cp27-none-macosx_10_6_intel.macosx_10_9_intel.macosx_10_9_x86_64.macosx_10_10_intel.macosx_10_10_x86_64.whl#md5=70887caa75faf193f502c9269d308a03 (from https://pypi.python.org/simple/scipy/) because it is not compatible with this Python
    Found link https://pypi.python.org/packages/74/e8/14315e1ef08322a36cf756d165385ea0f25afd289d7e86eb2a7138640153/scipy-0.15.1.tar.gz#md5=be56cd8e60591d6332aac792a5880110 (from https://pypi.python.org/simple/scipy/), version: 0.15.1
    Found link https://pypi.python.org/packages/76/3d/ad5f3d19d553cf4a01fb57dd95dc83d9493e3d289511881d4900e0f17ac0/scipy-0.14.0.tar.gz#md5=d7c7f4ccf8b07b08d6fe49d5cd51f85d (from https://pypi.python.org/simple/scipy/), version: 0.14.0
    Skipping https://pypi.python.org/packages/76/91/f9d5c571e185509ed293259bd75abc688dc719217c8ef0bb99aea8596671/scipy-0.13.0-cp34-cp34m-manylinux1_x86_64.whl#md5=b6c91770daa84d136d802ee2216e2765 (from https://pypi.python.org/simple/scipy/) because it is not compatible with this Python
    Found link https://pypi.python.org/packages/76/d1/c41cebf205a445722eb004364a971c3b6dff9ab88430a0adae808407e9ef/scipy-0.13.0.zip#md5=bd588ce8255e4d5427b5b19e9da2d4c7 (from https://pypi.python.org/simple/scipy/), version: 0.13.0
    Skipping https://pypi.python.org/packages/7a/d1/2eb817c4c467b3f5ee64a0cdadd0c8b6293b6408674506d726c1a57ea2a7/scipy-0.14.0-cp33-cp33m-manylinux1_x86_64.whl#md5=8354b87afa767e50d9a191daa1ff7ca0 (from https://pypi.python.org/simple/scipy/) because it is not compatible with this Python
    Skipping https://pypi.python.org/packages/7b/09/9813b0e9eedc989ff6ac8e544198f126e0801d79922725585579f82ab157/scipy-0.14.0-cp34-cp34m-manylinux1_x86_64.whl#md5=0fc011090a2976a5a9154d5ba182b765 (from https://pypi.python.org/simple/scipy/) because it is not compatible with this Python
    Found link https://pypi.python.org/packages/7b/e1/ecc1820874c396a094e6df30d4d3aa8119d4987c5ff0b9caec73db362849/scipy-0.16.1.tar.gz#md5=967cdb8588a4249f820344d8264a2143 (from https://pypi.python.org/simple/scipy/), version: 0.16.1
    Skipping https://pypi.python.org/packages/7d/d3/86fe2115341f9ba01f1e9af3063e7d431587016aabf1c3a5546f33d3db55/scipy-0.17.0-cp35-cp35m-manylinux1_x86_64.whl#md5=a6f43f8a10e9f4c128b11556fdbec0be (from https://pypi.python.org/simple/scipy/) because it is not compatible with this Python
    Found link https://pypi.python.org/packages/7e/95/df3dd7527db6fbf8f2dcce4cc0919bb1fb7fb0463739dddde49c225a87e5/scipy-0.17.0.zip#md5=28a4fe29e980804db162524f10873211 (from https://pypi.python.org/simple/scipy/), version: 0.17.0
    Skipping https://pypi.python.org/packages/80/0d/0bbff4334ed630556756a773b5e7b378709f63f79be5ccc350b5fe2883fb/scipy-0.14.0-cp27-none-macosx_10_6_intel.macosx_10_9_intel.macosx_10_9_x86_64.whl#md5=d3728a6d43c3265003db3781cbd4660f (from https://pypi.python.org/simple/scipy/) because it is not compatible with this Python
    Found link https://pypi.python.org/packages/82/0d/987404674724e5bbdd9341ab8bf1a7c52a4082d4ba1ab5ff81ee2ebe8456/scipy-0.8.0.tar.gz#md5=f0bfc6141b90e6a31555b31486602251 (from https://pypi.python.org/simple/scipy/), version: 0.8.0
    Found link https://pypi.python.org/packages/83/54/f1760dd82ebf52859a1a7153187f16abc2814327ad830b7f7d6808da890a/scipy-0.13.1.tar.gz#md5=e082fe358a2b39cff235e5af4240f5a5 (from https://pypi.python.org/simple/scipy/), version: 0.13.1
    Skipping https://pypi.python.org/packages/83/7c/5ba1ca301c3b1ddd8d097778fea2ecc3c34f5c5fb9e95f562d55082aa5f1/scipy-0.13.1-cp27-cp27m-manylinux1_x86_64.whl#md5=f528f2c9dc2d55ccd9baf6e51ce4199d (from https://pypi.python.org/simple/scipy/) because it is not compatible with this Python
    Skipping https://pypi.python.org/packages/83/94/689cbec699b0f1dd230ceb41acda1ac1b212c028c570c4ca932649330e85/scipy-0.16.0-cp35-cp35m-macosx_10_6_intel.macosx_10_9_intel.macosx_10_9_x86_64.macosx_10_10_intel.macosx_10_10_x86_64.whl#md5=173cc55ccbe96033b5cab3ad276158e4 (from https://pypi.python.org/simple/scipy/) because it is not compatible with this Python
    Skipping https://pypi.python.org/packages/84/a3/2447a921568866fbda5ec3397ad2b0fe8d0cb038801fd75828a1feabe4ff/scipy-0.10.1-cp26-cp26mu-manylinux1_x86_64.whl#md5=f7f63e5ea3960d92e30cf2eab102c32e (from https://pypi.python.org/simple/scipy/) because it is not compatible with this Python
    Skipping https://pypi.python.org/packages/85/bf/9f4c4a3767034c346f7dabdc3c89f808b1e73446617d2612b34b0159c6c8/scipy-0.17.1-cp27-cp27m-manylinux1_x86_64.whl#md5=fd79ca7e76d47b6a7e1066eba06ed23f (from https://pypi.python.org/simple/scipy/) because it is not compatible with this Python
    Found link https://pypi.python.org/packages/86/1c/ecd14ac89d2d3ad8c06abb5cd406a33f6acd52f2f3656bd372b44ff43ddf/scipy-0.15.1.zip#md5=0bd8aa1133118abc77d0d69cc2777ef3 (from https://pypi.python.org/simple/scipy/), version: 0.15.1
    Found link https://pypi.python.org/packages/86/e6/abd42b57e41a3bb87c1e4f4b8455267e010c1b2a4c7ed18ccc4b9ac7fbbc/scipy-0.18.0rc2.tar.gz#md5=499c9ebb0d4f6f596ef26a771c37b03b (from https://pypi.python.org/simple/scipy/), version: 0.18.0rc2
    Skipping https://pypi.python.org/packages/87/8f/88a1066f643d65c58fedd869aa480e6c743e715334b3584035d4fada2dc7/scipy-0.13.0-cp33-cp33m-manylinux1_x86_64.whl#md5=61e81cfb1d1e66d83c02866a31e655a7 (from https://pypi.python.org/simple/scipy/) because it is not compatible with this Python
    Skipping https://pypi.python.org/packages/8a/10/4ca7abdd5d13f97ae6eeaaaa279b7bb38c120d6d239a0db60a9b4c1d3c32/scipy-0.11.0-cp27-none-macosx_10_6_intel.macosx_10_9_intel.macosx_10_9_x86_64.whl#md5=b385333496b8b25a5782c2a7a35413d3 (from https://pypi.python.org/simple/scipy/) because it is not compatible with this Python
    Skipping https://pypi.python.org/packages/8a/de/326cf31a5a3ba0c01c40cdd78f7140b0510ed80e6d5ec5b2ec173c72df03/scipy-0.17.1-cp27-cp27mu-manylinux1_x86_64.whl#md5=8d0df61ceba78a2796f8d90fc979576f (from https://pypi.python.org/simple/scipy/) because it is not compatible with this Python
    Skipping https://pypi.python.org/packages/8b/65/dfaa7510f51b3dd59cbf5c11717f7cd9fa4bd4f7812838672e77b2206f79/scipy-0.12.1-cp27-cp27mu-manylinux1_x86_64.whl#md5=d1b965456eb1241e3a0f0790462531d7 (from https://pypi.python.org/simple/scipy/) because it is not compatible with this Python
    Found link https://pypi.python.org/packages/8c/a0/bcb7480b0b9a38f4f6026c9cf4168fd2d648227af1429e5fa174f3316525/scipy-0.16.0.zip#md5=1764bd452a72698b968ad13e51e28053 (from https://pypi.python.org/simple/scipy/), version: 0.16.0
    Skipping https://pypi.python.org/packages/90/66/a610cdf6201374d3dd012f74bed6cdfbfac0229b5a91a0121a345f812bdc/scipy-0.17.0-cp35-cp35m-macosx_10_6_intel.macosx_10_9_intel.macosx_10_9_x86_64.macosx_10_10_intel.macosx_10_10_x86_64.whl#md5=8e2adbbe5d83f773d6a1d915c46eb62f (from https://pypi.python.org/simple/scipy/) because it is not compatible with this Python
    Skipping https://pypi.python.org/packages/90/d7/8e5fe7e9ff599ac19d24d842c2791da49710e17c081b6a8f4f93f9f98977/scipy-0.13.2-cp27-cp27m-manylinux1_x86_64.whl#md5=e05ced3da45a3d7b657a102f6ebe79f6 (from https://pypi.python.org/simple/scipy/) because it is not compatible with this Python
    Skipping https://pypi.python.org/packages/91/f3/0052c245d53eb5f0e13b7215811e52af3791a8a7d31771605697c28466a0/scipy-0.17.1-cp35-cp35m-manylinux1_x86_64.whl#md5=8e77756904c81a6f79ed10e3abf0c544 (from https://pypi.python.org/simple/scipy/) because it is not compatible with this Python
    Found link https://pypi.python.org/packages/91/f7/6549a9e1a6a8a95a20ac93fe9881f7b2c67314a9b51cb11c959a51083c3c/scipy-0.10.0.zip#md5=d1a4242266739433dcfe2096b0ab4007 (from https://pypi.python.org/simple/scipy/), version: 0.10.0
    Skipping https://pypi.python.org/packages/95/25/f330f3b1b929a56dfd2a2213bf917a81e26a031ac0cc8f30e986a4a88bab/scipy-0.12.1-cp27-cp27m-manylinux1_x86_64.whl#md5=b7ef2ebddaf37dfb83a300e5b312152b (from https://pypi.python.org/simple/scipy/) because it is not compatible with this Python
    Skipping https://pypi.python.org/packages/95/f2/bc68dec48da53b9152d9a260e2be81d67318ea44ad2d1fd1cdb9278e1d03/scipy-0.18.0rc2-cp27-cp27mu-manylinux1_i686.whl#md5=bcc737e766e11f3e83337fb473c9fb8f (from https://pypi.python.org/simple/scipy/) because it is not compatible with this Python
    Found link https://pypi.python.org/packages/96/e9/dc57da726dad825548b472dcaa9343486fd2ee514ac714272e38d7c6c9e1/scipy-0.15.0.tar.gz#md5=639112f077f0aeb6d80718dc5019dc7a (from https://pypi.python.org/simple/scipy/), version: 0.15.0
    Skipping https://pypi.python.org/packages/97/4a/d1653a32faf91307d83093d4952bcb0211fa5025531508a8fceb477a3e97/scipy-0.18.0rc2-cp27-cp27m-manylinux1_i686.whl#md5=4c1246ae2a8a87d588cdef226350dd2e (from https://pypi.python.org/simple/scipy/) because it is not compatible with this Python
    Skipping https://pypi.python.org/packages/98/3c/73a4941c600b3b6371522e487ee5ff534b395a05fff92631b53b792271e3/scipy-0.10.0-cp27-cp27mu-manylinux1_x86_64.whl#md5=8588ec6c4c2b32d513dc40f450cca9d9 (from https://pypi.python.org/simple/scipy/) because it is not compatible with this Python
    Skipping https://pypi.python.org/packages/98/ee/11f60a8c8ffd38566f567fa863dbab9c252443915ea1f4dfd3b2a0734467/scipy-0.13.2-cp26-cp26mu-manylinux1_x86_64.whl#md5=eaa99a3e063996229179d5a3f19b34da (from https://pypi.python.org/simple/scipy/) because it is not compatible with this Python
    Skipping https://pypi.python.org/packages/99/89/a2d8e873897c8ec5d20d1ae3ef6d54825dbdf13e3e7e3bf279f516aaf371/scipy-0.15.1-cp26-cp26mu-manylinux1_x86_64.whl#md5=cb722e97e92dc6a10c581d89198bc2cf (from https://pypi.python.org/simple/scipy/) because it is not compatible with this Python
    Skipping https://pypi.python.org/packages/99/a0/2f889809aa0d3d665a4f41506e50cd7e34a52ae8ec9c6b557e04fc640903/scipy-0.18.0rc2-cp35-cp35m-macosx_10_6_intel.macosx_10_9_intel.macosx_10_9_x86_64.macosx_10_10_intel.macosx_10_10_x86_64.whl#md5=686493b410d4a00d05e30a77994320a4 (from https://pypi.python.org/simple/scipy/) because it is not compatible with this Python
    Skipping https://pypi.python.org/packages/9a/01/e497d137fa5cccab3274d15ff15ae7230203b8bacb02e0316b08fd548d6f/scipy-0.16.0-cp27-cp27m-manylinux1_x86_64.whl#md5=157f0742d192e968b558056a820e5b59 (from https://pypi.python.org/simple/scipy/) because it is not compatible with this Python
    Found link https://pypi.python.org/packages/9c/85/d8fd3c75ee4b216c0283efde113b42c8d6cf7e2d3bdd04928f5f0fcf4fc6/scipy-0.17.1.zip#md5=cdcf93e240e2b0e4007b86cb78eda438 (from https://pypi.python.org/simple/scipy/), version: 0.17.1
    Skipping https://pypi.python.org/packages/9c/a9/acc951901d95f5d0d954f0f226d3ba66f00acd39e8aa7bfe0728b2ac4687/scipy-0.16.1-cp34-cp34m-manylinux1_x86_64.whl#md5=fb001653cc806165a6ada759d9e76552 (from https://pypi.python.org/simple/scipy/) because it is not compatible with this Python
    Found link https://pypi.python.org/packages/9c/db/42a2363b6f5efca713e310d4c469d04140dff266b022e1a49aee3b58f62f/scipy-0.12.1.tar.gz#md5=906278290152fedfe79029371ca584a5 (from https://pypi.python.org/simple/scipy/), version: 0.12.1
    Skipping https://pypi.python.org/packages/9e/12/a15e8acb2a6684567545169f361f381d129573ee55bffd8944cae31c696d/scipy-0.15.0-cp33-cp33m-manylinux1_x86_64.whl#md5=e0078c66efcf3cc1ad033305c435c367 (from https://pypi.python.org/simple/scipy/) because it is not compatible with this Python
    Skipping https://pypi.python.org/packages/9e/a2/bf25eced70320b0a6c16c86c057906f93deb966fc95db823ba5fbe1868c9/scipy-0.14.1rc1-cp33-cp33m-macosx_10_6_intel.macosx_10_9_intel.macosx_10_9_x86_64.macosx_10_10_intel.macosx_10_10_x86_64.whl#md5=bbe1317ca465c1246a71a86a5c380f0f (from https://pypi.python.org/simple/scipy/) because it is not compatible with this Python
    Skipping https://pypi.python.org/packages/9e/bf/e9ebe6ed006f825ede61b991999ac4b4379502932e11817a7f9ff6e91ca7/scipy-0.11.0-cp27-cp27mu-manylinux1_x86_64.whl#md5=518ee6f05e48b81537df9761e0cc1c19 (from https://pypi.python.org/simple/scipy/) because it is not compatible with this Python
    Skipping https://pypi.python.org/packages/a0/72/b83b646ed7a0c3d207140d7eca7385d97c1de01273e575f24dd936e0bde0/scipy-0.11.0-cp27-cp27m-manylinux1_x86_64.whl#md5=0525be656e2a20dc40fb5b9ae9f892e4 (from https://pypi.python.org/simple/scipy/) because it is not compatible with this Python
    Found link https://pypi.python.org/packages/a0/db/f92d782bd74ec7f9f30fef6143856740b4a93bfbeb715f3e923c0b83dcb9/scipy-0.10.0.tar.gz#md5=e357c08425fd031dce63bc4905789088 (from https://pypi.python.org/simple/scipy/), version: 0.10.0
    Skipping https://pypi.python.org/packages/a3/32/55ccba68da8c0067af759efde2a6be6bd4d4d38628d1ca72ffc2d96f9fa4/scipy-0.14.1rc1-cp27-none-macosx_10_6_intel.macosx_10_9_intel.macosx_10_9_x86_64.macosx_10_10_intel.macosx_10_10_x86_64.whl#md5=1e6c155aa0bf5a248d3e46cf1d0ff44a (from https://pypi.python.org/simple/scipy/) because it is not compatible with this Python
    Skipping https://pypi.python.org/packages/a4/3a/625081f4430fc096c2bdfe11036618cc0f80ba9c680823c764efb760dc7a/scipy-0.17.1-cp27-cp27mu-manylinux1_i686.whl#md5=a9fde28576dfe270894eb73dd5e8dc5a (from https://pypi.python.org/simple/scipy/) because it is not compatible with this Python
    Skipping https://pypi.python.org/packages/a6/e0/8ad8816c1a02ac47a6c13de4f2e70c2eddfe650a678263f8d891b4caea7a/scipy-0.15.0-cp27-none-macosx_10_6_intel.macosx_10_9_intel.macosx_10_9_x86_64.macosx_10_10_intel.macosx_10_10_x86_64.whl#md5=7c431a473ac65fd7cab4859c3743088b (from https://pypi.python.org/simple/scipy/) because it is not compatible with this Python
    Skipping https://pypi.python.org/packages/a7/3f/2e92b9dcd8371ee64837551549b407f46272b7169ddca2145fe23101d5ed/scipy-0.13.0-cp27-none-macosx_10_6_intel.macosx_10_9_intel.macosx_10_9_x86_64.whl#md5=0b3c405ba421f43cf97837c5aa172515 (from https://pypi.python.org/simple/scipy/) because it is not compatible with this Python
    Skipping https://pypi.python.org/packages/ab/6d/548d3643422fba98fbb513550974389115c9d55d13cd55deb3bcbdf39af7/scipy-0.14.0-cp33-cp33m-macosx_10_6_intel.macosx_10_9_intel.macosx_10_9_x86_64.macosx_10_10_intel.macosx_10_10_x86_64.whl#md5=f2b504a8e3d5ee0ae33d7052a994a029 (from https://pypi.python.org/simple/scipy/) because it is not compatible with this Python
    Skipping https://pypi.python.org/packages/ab/e6/071f5edebb243a7388eb4fe65608fdec7c4288bb59b91292cb149be2ebaf/scipy-0.15.1-cp27-cp27m-manylinux1_x86_64.whl#md5=171d36970b7d36b2285941b8bf3a2727 (from https://pypi.python.org/simple/scipy/) because it is not compatible with this Python
    Skipping https://pypi.python.org/packages/ac/55/6cc9fc18f3c2365c3e87e5c13d366366435b7ba0881ef03f223a596cfc9a/scipy-0.15.1-cp34-cp34m-macosx_10_6_intel.macosx_10_9_intel.macosx_10_9_x86_64.macosx_10_10_intel.macosx_10_10_x86_64.whl#md5=d0aaf2da89af160060f1759947457ad6 (from https://pypi.python.org/simple/scipy/) because it is not compatible with this Python
    Found link https://pypi.python.org/packages/ac/df/d8b62db24aa12c4aa03d2f7a7cb228d1492f33e9cc58d2ca24693403736e/scipy-0.9.0.zip#md5=a37933c9e3c4fdf8d087624cd7dcb47d (from https://pypi.python.org/simple/scipy/), version: 0.9.0
    Skipping https://pypi.python.org/packages/af/30/8165621a7ae248e6c1e2f267b37d3b0d33752cc15d1cc58f12e542f64442/scipy-0.14.1rc1.dev_205726a-cp34-cp34m-macosx_10_6_intel.macosx_10_9_intel.macosx_10_9_x86_64.macosx_10_10_intel.macosx_10_10_x86_64.whl#md5=755003a1d318c5b7e47c3e3b930f955d (from https://pypi.python.org/simple/scipy/) because it is not compatible with this Python
    Skipping https://pypi.python.org/packages/b1/05/20f4145a5a308a25d822728ba4c3151427ce7de803ffab66ea50c2206e55/scipy-0.18.0rc2-cp34-cp34m-manylinux1_i686.whl#md5=92ca9d1e4f119d1a815aaead051b72c3 (from https://pypi.python.org/simple/scipy/) because it is not compatible with this Python
    Skipping https://pypi.python.org/packages/b1/29/cba8a67487b4ff72645a9a08a047cbba766fa2050095973957c08437b09b/scipy-0.14.0-cp27-none-macosx_10_6_intel.macosx_10_9_intel.macosx_10_9_x86_64.macosx_10_10_intel.macosx_10_10_x86_64.whl#md5=f56df58dd416119a23d1c58316da5c26 (from https://pypi.python.org/simple/scipy/) because it is not compatible with this Python
    Skipping https://pypi.python.org/packages/b1/30/000051a06363f2f00e1d760286df7d1f2da2e3a44df13ac719414e596599/scipy-0.13.1-cp33-cp33m-manylinux1_x86_64.whl#md5=767ded284e3d76f2deb19e392e2ea3ee (from https://pypi.python.org/simple/scipy/) because it is not compatible with this Python
    Skipping https://pypi.python.org/packages/b3/46/3aecb4feaa2ef3c4071a9a853a35a2695f7677ebc7731c3cb3d291c6d188/scipy-0.18.0-cp27-cp27m-manylinux1_x86_64.whl#md5=ccca6aeb87717ca383a15e1d3cd3b3e9 (from https://pypi.python.org/simple/scipy/) because it is not compatible with this Python
    Found link https://pypi.python.org/packages/b7/8b/66ea869c3a3b6216ff166a45c331c1c6d4a7b79e3db7c8cda5a9f91f09dc/scipy-0.15.0.zip#md5=09641b11ac17f1c141979c60a3f60895 (from https://pypi.python.org/simple/scipy/), version: 0.15.0
    Skipping https://pypi.python.org/packages/b9/69/ba0cfae779b80b35d1e70a5e942cf17e57fa9dac6e0369672422e60e71fc/scipy-0.12.0-cp33-cp33m-manylinux1_x86_64.whl#md5=0abc5dfc65c0e1009a951345522e33fa (from https://pypi.python.org/simple/scipy/) because it is not compatible with this Python
    Skipping https://pypi.python.org/packages/b9/e3/3d97e84e7c6ba21c937a1d3222c846a4cb8aee3d4dae5166c2b6bb4e88a1/scipy-0.13.0-cp26-cp26mu-manylinux1_x86_64.whl#md5=3c75d204b5372372272f08ad9797813d (from https://pypi.python.org/simple/scipy/) because it is not compatible with this Python
    Skipping https://pypi.python.org/packages/bc/a8/6d787f6014b0d2779c632c244d8351d89919a8d1412575bd4d975e0443e7/scipy-0.15.0-cp26-cp26mu-manylinux1_x86_64.whl#md5=2671a18cdee0149f27d357c8e0035ac5 (from https://pypi.python.org/simple/scipy/) because it is not compatible with this Python
    Skipping https://pypi.python.org/packages/bd/8f/0e0fb2b991290727de18b9623c7c32217d0d5d67f436cfd79fa7a0487db5/scipy-0.18.0-cp35-cp35m-macosx_10_6_intel.macosx_10_9_intel.macosx_10_9_x86_64.macosx_10_10_intel.macosx_10_10_x86_64.whl#md5=3886c82aa705b44662964d5d1de179b8 (from https://pypi.python.org/simple/scipy/) because it is not compatible with this Python
    Skipping https://pypi.python.org/packages/be/31/6cd7cbbf882483fe89df9763626a7120a15b52a8c63eac049fc3cbca9911/scipy-0.14.0-cp34-cp34m-macosx_10_6_intel.macosx_10_9_intel.macosx_10_9_x86_64.macosx_10_10_intel.macosx_10_10_x86_64.whl#md5=f5cf7e6eec6f7d41c6e46f32834d675d (from https://pypi.python.org/simple/scipy/) because it is not compatible with this Python
    Skipping https://pypi.python.org/packages/c0/27/de0e8f452c66eefccb76a029aa8072c6c6f5cc94a52632a6ffed8bcd8f4c/scipy-0.15.0-cp27-cp27mu-manylinux1_x86_64.whl#md5=c92f3760a6735754c6d9bc379cbe4b67 (from https://pypi.python.org/simple/scipy/) because it is not compatible with this Python
    Skipping https://pypi.python.org/packages/c1/69/f8cd2bb643bda807b5555a3c607835569e7203f165178631a7e593392ee3/scipy-0.18.0-cp27-cp27mu-manylinux1_i686.whl#md5=3426dd5731fcdb9f56ee30623def9ac0 (from https://pypi.python.org/simple/scipy/) because it is not compatible with this Python
    Skipping https://pypi.python.org/packages/c5/26/27b835eaee43982b065ee3fe5fa8ad9c412972bb0becab9fd0ae39932531/scipy-0.14.1rc1.dev_205726a-cp27-none-macosx_10_6_intel.macosx_10_9_intel.macosx_10_9_x86_64.macosx_10_10_intel.macosx_10_10_x86_64.whl#md5=25c79e26aef2696a651c611b113c4965 (from https://pypi.python.org/simple/scipy/) because it is not compatible with this Python
    Found link https://pypi.python.org/packages/c7/ce/993b23695a83da2ecd58b083e95ccc162257b24f273299d4d88b6eac5507/scipy-0.14.1.zip#md5=4bfc35d3683e0ef397157f84040df5b0 (from https://pypi.python.org/simple/scipy/), version: 0.14.1
    Skipping https://pypi.python.org/packages/c8/59/e3745842c71d31c3d2be3aead63b946a09da621aef88fc6182cb210294d1/scipy-0.13.3-cp33-cp33m-macosx_10_6_intel.whl#md5=ca634955b1757fe5e22c6a8a035bb328 (from https://pypi.python.org/simple/scipy/) because it is not compatible with this Python
    Skipping https://pypi.python.org/packages/cb/9d/f6dcd4b43160f4798e52ff75c489a74a6363aa9ee71eaedc6f915238ec0d/scipy-0.16.1-cp27-cp27m-manylinux1_x86_64.whl#md5=eec1c5913a17e1f60988ba5a3c0bbd72 (from https://pypi.python.org/simple/scipy/) because it is not compatible with this Python
    Skipping https://pypi.python.org/packages/cb/da/b758668af3d1436f5810b04bc54b7d86b061130fa55e1e9c21a839096a64/scipy-0.16.1-cp33-cp33m-manylinux1_x86_64.whl#md5=e4c94aeff45c4f8225b1031506af765d (from https://pypi.python.org/simple/scipy/) because it is not compatible with this Python
    Skipping https://pypi.python.org/packages/ce/43/ada3ac7261cc2625683361fd7e5c0d1637b50076c518519088c3d857d005/scipy-0.18.0-cp35-cp35m-manylinux1_i686.whl#md5=1bdc3664de8456bbc45620afbfc3d2cf (from https://pypi.python.org/simple/scipy/) because it is not compatible with this Python
    Skipping https://pypi.python.org/packages/cf/d8/2fcdc72c0e5e893c35f19e6fe784942abaa119b2374abbcb52420e755d3f/scipy-0.10.1-cp27-cp27mu-manylinux1_x86_64.whl#md5=1c0540c0273ba3eb68a8d51b8b122537 (from https://pypi.python.org/simple/scipy/) because it is not compatible with this Python
    Skipping https://pypi.python.org/packages/d2/4b/d58ddeb42d3b9374d86afc216f8841fc15503fa3ee9a56aa9f69f7409251/scipy-0.14.1-cp33-cp33m-macosx_10_6_intel.macosx_10_9_intel.macosx_10_9_x86_64.macosx_10_10_intel.macosx_10_10_x86_64.whl#md5=423c77aa343f76c30788166400696f68 (from https://pypi.python.org/simple/scipy/) because it is not compatible with this Python
    Skipping https://pypi.python.org/packages/d4/23/d8d12a7b23ffe7915ed23ac3aa85347edab9fca97e4c8c5d7f18b9cdd5b1/scipy-0.18.0-cp27-cp27m-macosx_10_6_intel.macosx_10_9_intel.macosx_10_9_x86_64.macosx_10_10_intel.macosx_10_10_x86_64.whl#md5=e9ddb97336421e110a3f20e1b1f6c057 (from https://pypi.python.org/simple/scipy/) because it is not compatible with this Python
    Found link https://pypi.python.org/packages/d5/00/5eeed7c67fa5ca80dad12c399bb31450733f0a874a2c8c4d9a8e8ab281c0/scipy-0.13.3.zip#md5=20ff3a867cc5925ef1d654aed2ff7e88 (from https://pypi.python.org/simple/scipy/), version: 0.13.3
    Skipping https://pypi.python.org/packages/d6/2c/c97267e4f22e48ad110161b5346a7673a38841de76904f343e739a837c93/scipy-0.13.0-cp34-cp34m-macosx_10_6_intel.macosx_10_9_intel.macosx_10_9_x86_64.whl#md5=dcd20dad203d301f0b5ec7aa0bb49aa3 (from https://pypi.python.org/simple/scipy/) because it is not compatible with this Python
    Skipping https://pypi.python.org/packages/da/85/0889544b47bcd30ae1341c0bb6e20720afb890134332cdc34071ab9b6800/scipy-0.14.1-cp34-cp34m-macosx_10_6_intel.macosx_10_9_intel.macosx_10_9_x86_64.macosx_10_10_intel.macosx_10_10_x86_64.whl#md5=1c9eca63055d0e64b9b9d241ec5f9c0f (from https://pypi.python.org/simple/scipy/) because it is not compatible with this Python
    Skipping https://pypi.python.org/packages/db/c4/6e2a7f46c9486c6185c60ab0718e7a1b42a971a96b063c6b6e247b7a01fa/scipy-0.15.0-cp34-cp34m-manylinux1_x86_64.whl#md5=a0aef54316cdf75e5fc40f2e7b9a938d (from https://pypi.python.org/simple/scipy/) because it is not compatible with this Python
    Skipping https://pypi.python.org/packages/dd/f0/222bb29fae425bd482cad6d5f284e63a752ddb28039003d0de310a8773f6/scipy-0.14.1-cp27-cp27m-manylinux1_x86_64.whl#md5=81ad6eba89aac213f4fbf5e204a7edc8 (from https://pypi.python.org/simple/scipy/) because it is not compatible with this Python
    Skipping https://pypi.python.org/packages/df/c4/ba1327f80b5663943e0cfa80c640ea3372fd2b65e42cc5159726fe02cf0a/scipy-0.13.0-cp27-cp27m-manylinux1_x86_64.whl#md5=6c3778a88852edca05a164345193120f (from https://pypi.python.org/simple/scipy/) because it is not compatible with this Python
    Found link https://pypi.python.org/packages/e0/6b/82f474751b0606436b8e95b69dbd6a6c15b55420c8a1f7aad6408018c8b0/scipy-0.13.2.tar.gz#md5=fcd110802b0bf3505ba567cf831566e1 (from https://pypi.python.org/simple/scipy/), version: 0.13.2
    Skipping https://pypi.python.org/packages/e1/9a/c0f5e7f0e73de51fd93682f4a43a79383b2ff3585d7b25170da5d9034ea1/scipy-0.16.0-cp27-cp27mu-manylinux1_x86_64.whl#md5=53725579d80f7118cfb79dab0a2edd90 (from https://pypi.python.org/simple/scipy/) because it is not compatible with this Python
    Skipping https://pypi.python.org/packages/e2/51/5ce532e6edc6770472e72edf9299d8bca7f31576bc45b33e93e250573ab2/scipy-0.14.0-cp26-cp26mu-manylinux1_x86_64.whl#md5=699f733b2850b3793cf4517cceba368a (from https://pypi.python.org/simple/scipy/) because it is not compatible with this Python
    Skipping https://pypi.python.org/packages/e2/a9/21f537f6561ae56e063f1b704620ff2e1c88fc55f82d9265f9c5e73f7eb9/scipy-0.16.0-cp33-cp33m-manylinux1_x86_64.whl#md5=94b63402dfe4685ccc71436c3e7ab083 (from https://pypi.python.org/simple/scipy/) because it is not compatible with this Python
    Skipping https://pypi.python.org/packages/e2/d8/cafe07f71d6acd838a53aa874242190f6b690ccde4b0bcb94df717e347fc/scipy-0.14.1-cp26-cp26mu-manylinux1_x86_64.whl#md5=18790f7d021dbf05bea0e3eccf144f5d (from https://pypi.python.org/simple/scipy/) because it is not compatible with this Python
    Skipping https://pypi.python.org/packages/e4/81/df8b2598e99fe1651d70a80760732c95472d8cc3204d0750b8cb47e54525/scipy-0.9.0-cp27-cp27m-manylinux1_x86_64.whl#md5=77d0ff60d18961256f6a754e27cd435a (from https://pypi.python.org/simple/scipy/) because it is not compatible with this Python
    Skipping https://pypi.python.org/packages/e5/a5/504bb317d437fad1b5343c6e0068516f2a7adc20cd4977202f1f84a2e7cf/scipy-0.17.0-cp27-cp27m-manylinux1_x86_64.whl#md5=c0c2f7d5dc4c509eb21c0ad04689a46d (from https://pypi.python.org/simple/scipy/) because it is not compatible with this Python
    Skipping https://pypi.python.org/packages/e5/f5/bbfa7b7c8d9d0bfb8bd45fa7a7f8a62be9f5af74bf9f3fec402bcfa99501/scipy-0.15.1-cp33-cp33m-manylinux1_x86_64.whl#md5=66367d0bb7f5773a5e42e5b83666b8ac (from https://pypi.python.org/simple/scipy/) because it is not compatible with this Python
    Skipping https://pypi.python.org/packages/e7/c7/9eecef11ac159979d043800face03757ca64e9e1c8985bf6d1db5d424cc6/scipy-0.13.3-cp26-cp26mu-manylinux1_x86_64.whl#md5=644f9b77a711d32739aaefd0d2d04b28 (from https://pypi.python.org/simple/scipy/) because it is not compatible with this Python
    Skipping https://pypi.python.org/packages/eb/2e/76aff3b25dd06cab06622f82a4790ff5002ab686e940847bb2503b4b2122/scipy-0.17.1-cp34-cp34m-manylinux1_x86_64.whl#md5=bb39b9e1d16fa220967ad7edd39a8b28 (from https://pypi.python.org/simple/scipy/) because it is not compatible with this Python
    Found link https://pypi.python.org/packages/eb/8b/cb7e8eb19e1ee365afcf885ddaccee87e0ec0946ba06b9a3a479dbfaff3c/scipy-0.16.1.zip#md5=f473f9cd366daf4106003accff32c25f (from https://pypi.python.org/simple/scipy/), version: 0.16.1
    Skipping https://pypi.python.org/packages/ed/9b/5785bfc3568bf55a640a18f2471ee9694309165d8b21f1c3fbd8e6883b29/scipy-0.18.0rc2-cp34-cp34m-macosx_10_6_intel.macosx_10_9_intel.macosx_10_9_x86_64.macosx_10_10_intel.macosx_10_10_x86_64.whl#md5=c2d94301683b11ba94d5f01901901511 (from https://pypi.python.org/simple/scipy/) because it is not compatible with this Python
    Found link https://pypi.python.org/packages/f2/77/0ff9b0f46acb634a781a0e1c389a0258eb1afb7444b36b7a6d09f004f995/scipy-0.12.1.zip#md5=3f23065fc45152c92c3588dad2f20c62 (from https://pypi.python.org/simple/scipy/), version: 0.12.1
    Skipping https://pypi.python.org/packages/f4/9c/3166dc1181bbb3bbc12ba8a9cea24d2f646f7a0bbe102ac1a5de2675d1ea/scipy-0.13.2-cp34-cp34m-manylinux1_x86_64.whl#md5=b90f0ad41df64b0b4e284c04f8766c07 (from https://pypi.python.org/simple/scipy/) because it is not compatible with this Python
    Skipping https://pypi.python.org/packages/f9/27/6b42b47677b435c3b60bf7b6a39da93aff70c93803b402a03648c5a1fcd3/scipy-0.14.0-cp33-cp33m-macosx_10_6_intel.macosx_10_9_intel.macosx_10_9_x86_64.whl#md5=0ff3c20cb8e9c5c38e5a18cda3178ca7 (from https://pypi.python.org/simple/scipy/) because it is not compatible with this Python
    Skipping https://pypi.python.org/packages/f9/f8/fce4a6bac663bd7ecb9106e9e7ef6492a47f9140d489d7d04091507308b4/scipy-0.16.1-cp26-cp26mu-manylinux1_x86_64.whl#md5=0735aae26686ae02f7e0da11f6188d1b (from https://pypi.python.org/simple/scipy/) because it is not compatible with this Python
    Found link https://pypi.python.org/packages/fb/06/571aa713e585b3529dad8838ce2c67178e68c37c5c838772282c83faea68/scipy-0.10.1.tar.gz#md5=6ad976549e22e04ca93e70cf55b70a22 (from https://pypi.python.org/simple/scipy/), version: 0.10.1
    Skipping https://pypi.python.org/packages/fc/1b/984a997a6e1af1d55a05bafb9b0fcbf008a9114ff0549476c1fd25db44d6/scipy-0.17.0-cp34-cp34m-macosx_10_6_intel.macosx_10_9_intel.macosx_10_9_x86_64.macosx_10_10_intel.macosx_10_10_x86_64.whl#md5=c6c64c6511ba0de09ca973aaf881b354 (from https://pypi.python.org/simple/scipy/) because it is not compatible with this Python
    Skipping https://pypi.python.org/packages/fc/4e/9d106d322165d4b5c75b859d79c984ab93c12525863245265d9cfee042d7/scipy-0.15.1-cp27-none-macosx_10_6_intel.macosx_10_9_intel.macosx_10_9_x86_64.macosx_10_10_intel.macosx_10_10_x86_64.whl#md5=a8cf565477600cbedcd5462f2baeeb0e (from https://pypi.python.org/simple/scipy/) because it is not compatible with this Python
    Skipping https://pypi.python.org/packages/fc/72/9403ced8a4700b031cc32a12f5711bbb5f7491fb01a2e48030a0dc1acddc/scipy-0.18.0-cp27-cp27mu-manylinux1_x86_64.whl#md5=96f1e6ac2ed3a845802050840929681a (from https://pypi.python.org/simple/scipy/) because it is not compatible with this Python
    Skipping https://pypi.python.org/packages/fd/d9/1cb8ab24adeb3ffca0fa5ac8c1875bdb0452a773a68095c7824ced4b4f2e/scipy-0.16.0-cp34-cp34m-manylinux1_x86_64.whl#md5=7dca6350615b0b32619f8b437cffac97 (from https://pypi.python.org/simple/scipy/) because it is not compatible with this Python
    Skipping https://pypi.python.org/packages/fe/5a/44dd48306b28f47e08e2daf8c19827ebf99ff8cf983fabe92d9408bc6bd1/scipy-0.14.1rc1.dev_52fb336-cp34-cp34m-macosx_10_6_intel.macosx_10_9_intel.macosx_10_9_x86_64.macosx_10_10_intel.macosx_10_10_x86_64.whl#md5=45c8e4c39aff1eb30b870796e039adce (from https://pypi.python.org/simple/scipy/) because it is not compatible with this Python
  Ignoring link https://pypi.python.org/packages/14/f1/d753f3ce965fdf8c84691d8fce06b650f105d00f38a21bbb99b04c235abd/scipy-0.18.0rc2.zip#md5=21decd4fb8f85e2a389864b35f0b879d (from https://pypi.python.org/simple/scipy/), version 0.18.0rc2 is a pre-release (use --pre to allow).
  Ignoring link https://pypi.python.org/packages/86/e6/abd42b57e41a3bb87c1e4f4b8455267e010c1b2a4c7ed18ccc4b9ac7fbbc/scipy-0.18.0rc2.tar.gz#md5=499c9ebb0d4f6f596ef26a771c37b03b (from https://pypi.python.org/simple/scipy/), version 0.18.0rc2 is a pre-release (use --pre to allow).
  Using version 0.18.0 (newest of versions: 0.18.0, 0.18.0, 0.17.1, 0.17.1, 0.17.0, 0.17.0, 0.16.1, 0.16.1, 0.16.0, 0.16.0, 0.15.1, 0.15.1, 0.15.0, 0.15.0, 0.14.1, 0.14.1, 0.14.0, 0.14.0, 0.13.3, 0.13.3, 0.13.2, 0.13.2, 0.13.1, 0.13.1, 0.13.0, 0.13.0, 0.12.1, 0.12.1, 0.12.0, 0.12.0, 0.11.0, 0.11.0, 0.10.1, 0.10.1, 0.10.0, 0.10.0, 0.9.0, 0.9.0, 0.8.0)
  Downloading from URL https://pypi.python.org/packages/01/a1/dce70d47377d662aa4b0895df8431aee92cea6faefaab9dae21b0f901ded/scipy-0.18.0.tar.gz#md5=d70e7f533622ab705bc016dac328d93e (from https://pypi.python.org/simple/scipy/)
  Running setup.py (path:/tmp/pip_build_root/SciPy/setup.py) egg_info for package SciPy
    running egg_info
    creating pip-egg-info/scipy.egg-info
    writing pip-egg-info/scipy.egg-info/PKG-INFO
    writing top-level names to pip-egg-info/scipy.egg-info/top_level.txt
    writing dependency_links to pip-egg-info/scipy.egg-info/dependency_links.txt
    writing manifest file 'pip-egg-info/scipy.egg-info/SOURCES.txt'
    warning: manifest_maker: standard file '-c' not found
    
    reading manifest file 'pip-egg-info/scipy.egg-info/SOURCES.txt'
    reading manifest template 'MANIFEST.in'
    warning: no previously-included files matching '*_subr_*.f' found under directory 'scipy/linalg/src/id_dist/src'
    no previously-included directories found matching 'benchmarks/env'
    no previously-included directories found matching 'benchmarks/results'
    no previously-included directories found matching 'benchmarks/html'
    no previously-included directories found matching 'benchmarks/scipy'
    no previously-included directories found matching 'scipy/special/tests/data/boost'
    no previously-included directories found matching 'scipy/special/tests/data/gsl'
    no previously-included directories found matching 'doc/build'
    no previously-included directories found matching 'doc/source/generated'
    no previously-included directories found matching '*/__pycache__'
    warning: no previously-included files matching '*~' found anywhere in distribution
    warning: no previously-included files matching '*.bak' found anywhere in distribution
    warning: no previously-included files matching '*.swp' found anywhere in distribution
    warning: no previously-included files matching '*.pyo' found anywhere in distribution
    writing manifest file 'pip-egg-info/scipy.egg-info/SOURCES.txt'
  Source in /tmp/pip_build_root/SciPy has version 0.18.0, which satisfies requirement SciPy
Installing collected packages: SciPy
  Running setup.py install for SciPy
    Running command /usr/bin/python -c "import setuptools, tokenize;__file__='/tmp/pip_build_root/SciPy/setup.py';exec(compile(getattr(tokenize, 'open', open)(__file__).read().replace('\r\n', '\n'), __file__, 'exec'))" install --record /tmp/pip-MMBDQ2-record/install-record.txt --single-version-externally-managed --compile
    
    Note: if you need reliable uninstall behavior, then install
    with pip instead of using `setup.py install`:
    
      - `pip install .`       (from a git repo or downloaded source
                               release)
      - `pip install scipy`   (last SciPy release on PyPI)
    
    
    lapack_opt_info:
    openblas_lapack_info:
      libraries openblas not found in ['/usr/local/lib', '/usr/lib', '/usr/lib/x86_64-linux-gnu']
      NOT AVAILABLE
    
    lapack_mkl_info:
    mkl_info:
      libraries mkl,vml,guide not found in ['/usr/local/lib', '/usr/lib', '/usr/lib/x86_64-linux-gnu']
      NOT AVAILABLE
    
      NOT AVAILABLE
    
    atlas_3_10_threads_info:
    Setting PTATLAS=ATLAS
      libraries tatlas,tatlas not found in /usr/local/lib
      libraries lapack_atlas not found in /usr/local/lib
      libraries tatlas,tatlas not found in /usr/lib
      libraries lapack_atlas not found in /usr/lib
      libraries tatlas,tatlas not found in /usr/lib/x86_64-linux-gnu
      libraries lapack_atlas not found in /usr/lib/x86_64-linux-gnu
    <class 'numpy.distutils.system_info.atlas_3_10_threads_info'>
      NOT AVAILABLE
    
    atlas_3_10_info:
      libraries satlas,satlas not found in /usr/local/lib
      libraries lapack_atlas not found in /usr/local/lib
      libraries satlas,satlas not found in /usr/lib
      libraries lapack_atlas not found in /usr/lib
      libraries satlas,satlas not found in /usr/lib/x86_64-linux-gnu
      libraries lapack_atlas not found in /usr/lib/x86_64-linux-gnu
    <class 'numpy.distutils.system_info.atlas_3_10_info'>
      NOT AVAILABLE
    
    atlas_threads_info:
    Setting PTATLAS=ATLAS
      libraries ptf77blas,ptcblas,atlas not found in /usr/local/lib
      libraries lapack_atlas not found in /usr/local/lib
      libraries ptf77blas,ptcblas,atlas not found in /usr/lib
      libraries lapack_atlas not found in /usr/lib
      libraries ptf77blas,ptcblas,atlas not found in /usr/lib/x86_64-linux-gnu
      libraries lapack_atlas not found in /usr/lib/x86_64-linux-gnu
    <class 'numpy.distutils.system_info.atlas_threads_info'>
      NOT AVAILABLE
    
    atlas_info:
      libraries f77blas,cblas,atlas not found in /usr/local/lib
      libraries lapack_atlas not found in /usr/local/lib
      libraries f77blas,cblas,atlas not found in /usr/lib
      libraries lapack_atlas not found in /usr/lib
      libraries f77blas,cblas,atlas not found in /usr/lib/x86_64-linux-gnu
      libraries lapack_atlas not found in /usr/lib/x86_64-linux-gnu
    <class 'numpy.distutils.system_info.atlas_info'>
      NOT AVAILABLE
    
    /usr/local/lib/python2.7/dist-packages/numpy/distutils/system_info.py:1548: UserWarning:
        Atlas (http://math-atlas.sourceforge.net/) libraries not found.
        Directories to search for the libraries can be specified in the
        numpy/distutils/site.cfg file (section [atlas]) or by setting
        the ATLAS environment variable.
      warnings.warn(AtlasNotFoundError.__doc__)
    lapack_info:
      libraries lapack not found in ['/usr/local/lib', '/usr/lib', '/usr/lib/x86_64-linux-gnu']
      NOT AVAILABLE
    
    /usr/local/lib/python2.7/dist-packages/numpy/distutils/system_info.py:1559: UserWarning:
        Lapack (http://www.netlib.org/lapack/) libraries not found.
        Directories to search for the libraries can be specified in the
        numpy/distutils/site.cfg file (section [lapack]) or by setting
        the LAPACK environment variable.
      warnings.warn(LapackNotFoundError.__doc__)
    lapack_src_info:
      NOT AVAILABLE
    
    /usr/local/lib/python2.7/dist-packages/numpy/distutils/system_info.py:1562: UserWarning:
        Lapack (http://www.netlib.org/lapack/) sources not found.
        Directories to search for the sources can be specified in the
        numpy/distutils/site.cfg file (section [lapack_src]) or by setting
        the LAPACK_SRC environment variable.
      warnings.warn(LapackSrcNotFoundError.__doc__)
      NOT AVAILABLE
    
    Running from scipy source directory.
    Traceback (most recent call last):
      File "<string>", line 1, in <module>
      File "/tmp/pip_build_root/SciPy/setup.py", line 415, in <module>
        setup_package()
      File "/tmp/pip_build_root/SciPy/setup.py", line 411, in setup_package
        setup(**metadata)
      File "/usr/local/lib/python2.7/dist-packages/numpy/distutils/core.py", line 135, in setup
        config = configuration()
      File "/tmp/pip_build_root/SciPy/setup.py", line 335, in configuration
        config.add_subpackage('scipy')
      File "/usr/local/lib/python2.7/dist-packages/numpy/distutils/misc_util.py", line 1003, in add_subpackage
        caller_level = 2)
      File "/usr/local/lib/python2.7/dist-packages/numpy/distutils/misc_util.py", line 972, in get_subpackage
        caller_level = caller_level + 1)
      File "/usr/local/lib/python2.7/dist-packages/numpy/distutils/misc_util.py", line 909, in _get_configuration_from_setup_py
        config = setup_module.configuration(*args)
      File "scipy/setup.py", line 15, in configuration
        config.add_subpackage('linalg')
      File "/usr/local/lib/python2.7/dist-packages/numpy/distutils/misc_util.py", line 1003, in add_subpackage
        caller_level = 2)
      File "/usr/local/lib/python2.7/dist-packages/numpy/distutils/misc_util.py", line 972, in get_subpackage
        caller_level = caller_level + 1)
      File "/usr/local/lib/python2.7/dist-packages/numpy/distutils/misc_util.py", line 909, in _get_configuration_from_setup_py
        config = setup_module.configuration(*args)
      File "scipy/linalg/setup.py", line 20, in configuration
        raise NotFoundError('no lapack/blas resources found')
    numpy.distutils.system_info.NotFoundError: no lapack/blas resources found
    Complete output from command /usr/bin/python -c "import setuptools, tokenize;__file__='/tmp/pip_build_root/SciPy/setup.py';exec(compile(getattr(tokenize, 'open', open)(__file__).read().replace('\r\n', '\n'), __file__, 'exec'))" install --record /tmp/pip-MMBDQ2-record/install-record.txt --single-version-externally-managed --compile:
    

Note: if you need reliable uninstall behavior, then install

with pip instead of using `setup.py install`:



  - `pip install .`       (from a git repo or downloaded source

                           release)

  - `pip install scipy`   (last SciPy release on PyPI)





lapack_opt_info:

openblas_lapack_info:

  libraries openblas not found in ['/usr/local/lib', '/usr/lib', '/usr/lib/x86_64-linux-gnu']

  NOT AVAILABLE



lapack_mkl_info:

mkl_info:

  libraries mkl,vml,guide not found in ['/usr/local/lib', '/usr/lib', '/usr/lib/x86_64-linux-gnu']

  NOT AVAILABLE



  NOT AVAILABLE



atlas_3_10_threads_info:

Setting PTATLAS=ATLAS

  libraries tatlas,tatlas not found in /usr/local/lib

  libraries lapack_atlas not found in /usr/local/lib

  libraries tatlas,tatlas not found in /usr/lib

  libraries lapack_atlas not found in /usr/lib

  libraries tatlas,tatlas not found in /usr/lib/x86_64-linux-gnu

  libraries lapack_atlas not found in /usr/lib/x86_64-linux-gnu

<class 'numpy.distutils.system_info.atlas_3_10_threads_info'>

  NOT AVAILABLE



atlas_3_10_info:

  libraries satlas,satlas not found in /usr/local/lib

  libraries lapack_atlas not found in /usr/local/lib

  libraries satlas,satlas not found in /usr/lib

  libraries lapack_atlas not found in /usr/lib

  libraries satlas,satlas not found in /usr/lib/x86_64-linux-gnu

  libraries lapack_atlas not found in /usr/lib/x86_64-linux-gnu

<class 'numpy.distutils.system_info.atlas_3_10_info'>

  NOT AVAILABLE



atlas_threads_info:

Setting PTATLAS=ATLAS

  libraries ptf77blas,ptcblas,atlas not found in /usr/local/lib

  libraries lapack_atlas not found in /usr/local/lib

  libraries ptf77blas,ptcblas,atlas not found in /usr/lib

  libraries lapack_atlas not found in /usr/lib

  libraries ptf77blas,ptcblas,atlas not found in /usr/lib/x86_64-linux-gnu

  libraries lapack_atlas not found in /usr/lib/x86_64-linux-gnu

<class 'numpy.distutils.system_info.atlas_threads_info'>

  NOT AVAILABLE



atlas_info:

  libraries f77blas,cblas,atlas not found in /usr/local/lib

  libraries lapack_atlas not found in /usr/local/lib

  libraries f77blas,cblas,atlas not found in /usr/lib

  libraries lapack_atlas not found in /usr/lib

  libraries f77blas,cblas,atlas not found in /usr/lib/x86_64-linux-gnu

  libraries lapack_atlas not found in /usr/lib/x86_64-linux-gnu

<class 'numpy.distutils.system_info.atlas_info'>

  NOT AVAILABLE



/usr/local/lib/python2.7/dist-packages/numpy/distutils/system_info.py:1548: UserWarning:

    Atlas (http://math-atlas.sourceforge.net/) libraries not found.

    Directories to search for the libraries can be specified in the

    numpy/distutils/site.cfg file (section [atlas]) or by setting

    the ATLAS environment variable.

  warnings.warn(AtlasNotFoundError.__doc__)

lapack_info:

  libraries lapack not found in ['/usr/local/lib', '/usr/lib', '/usr/lib/x86_64-linux-gnu']

  NOT AVAILABLE



/usr/local/lib/python2.7/dist-packages/numpy/distutils/system_info.py:1559: UserWarning:

    Lapack (http://www.netlib.org/lapack/) libraries not found.

    Directories to search for the libraries can be specified in the

    numpy/distutils/site.cfg file (section [lapack]) or by setting

    the LAPACK environment variable.

  warnings.warn(LapackNotFoundError.__doc__)

lapack_src_info:

  NOT AVAILABLE



/usr/local/lib/python2.7/dist-packages/numpy/distutils/system_info.py:1562: UserWarning:

    Lapack (http://www.netlib.org/lapack/) sources not found.

    Directories to search for the sources can be specified in the

    numpy/distutils/site.cfg file (section [lapack_src]) or by setting

    the LAPACK_SRC environment variable.

  warnings.warn(LapackSrcNotFoundError.__doc__)

  NOT AVAILABLE



Running from scipy source directory.

Traceback (most recent call last):

  File "<string>", line 1, in <module>

  File "/tmp/pip_build_root/SciPy/setup.py", line 415, in <module>

    setup_package()

  File "/tmp/pip_build_root/SciPy/setup.py", line 411, in setup_package

    setup(**metadata)

  File "/usr/local/lib/python2.7/dist-packages/numpy/distutils/core.py", line 135, in setup

    config = configuration()

  File "/tmp/pip_build_root/SciPy/setup.py", line 335, in configuration

    config.add_subpackage('scipy')

  File "/usr/local/lib/python2.7/dist-packages/numpy/distutils/misc_util.py", line 1003, in add_subpackage

    caller_level = 2)

  File "/usr/local/lib/python2.7/dist-packages/numpy/distutils/misc_util.py", line 972, in get_subpackage

    caller_level = caller_level + 1)

  File "/usr/local/lib/python2.7/dist-packages/numpy/distutils/misc_util.py", line 909, in _get_configuration_from_setup_py

    config = setup_module.configuration(*args)

  File "scipy/setup.py", line 15, in configuration

    config.add_subpackage('linalg')

  File "/usr/local/lib/python2.7/dist-packages/numpy/distutils/misc_util.py", line 1003, in add_subpackage

    caller_level = 2)

  File "/usr/local/lib/python2.7/dist-packages/numpy/distutils/misc_util.py", line 972, in get_subpackage

    caller_level = caller_level + 1)

  File "/usr/local/lib/python2.7/dist-packages/numpy/distutils/misc_util.py", line 909, in _get_configuration_from_setup_py

    config = setup_module.configuration(*args)

  File "scipy/linalg/setup.py", line 20, in configuration

    raise NotFoundError('no lapack/blas resources found')

numpy.distutils.system_info.NotFoundError: no lapack/blas resources found

----------------------------------------
Cleaning up...
  Removing temporary dir /tmp/pip_build_root...
Command /usr/bin/python -c "import setuptools, tokenize;__file__='/tmp/pip_build_root/SciPy/setup.py';exec(compile(getattr(tokenize, 'open', open)(__file__).read().replace('\r\n', '\n'), __file__, 'exec'))" install --record /tmp/pip-MMBDQ2-record/install-record.txt --single-version-externally-managed --compile failed with error code 1 in /tmp/pip_build_root/SciPy
Exception information:
Traceback (most recent call last):
  File "/usr/lib/python2.7/dist-packages/pip/basecommand.py", line 122, in main
    status = self.run(options, args)
  File "/usr/lib/python2.7/dist-packages/pip/commands/install.py", line 283, in run
    requirement_set.install(install_options, global_options, root=options.root_path)
  File "/usr/lib/python2.7/dist-packages/pip/req.py", line 1436, in install
    requirement.install(install_options, global_options, *args, **kwargs)
  File "/usr/lib/python2.7/dist-packages/pip/req.py", line 707, in install
    cwd=self.source_dir, filter_stdout=self._filter_install, show_stdout=False)
  File "/usr/lib/python2.7/dist-packages/pip/util.py", line 715, in call_subprocess
    % (command_desc, proc.returncode, cwd))
InstallationError: Command /usr/bin/python -c "import setuptools, tokenize;__file__='/tmp/pip_build_root/SciPy/setup.py';exec(compile(getattr(tokenize, 'open', open)(__file__).read().replace('\r\n', '\n'), __file__, 'exec'))" install --record /tmp/pip-MMBDQ2-record/install-record.txt --single-version-externally-managed --compile failed with error code 1 in /tmp/pip_build_root/SciPy
