This file contains any messages produced by compilers while
running configure, to aid debugging if configure makes a mistake.

It was created by configure, which was
generated by GNU Autoconf 2.68.  Invocation command line was

  $ ./configure --prefix=/root/.c9/local

configure:12646: $? = 0
configure:12646: result: yes
configure:12646: checking sys/mman.h presence
configure:12646: gcc -E  conftest.c
configure:12646: $? = 0
configure:12646: result: yes
configure:12646: checking for sys/mman.h
configure:12646: result: yes
configure:12646: checking sys/sendfile.h usability
## --------- ##
## Platform. ##
## --------- ##

hostname = ubuntu
uname -m = x86_64
uname -r = 4.6.5-x86_64-linode71
uname -s = Linux
uname -v = #2 SMP Fri Jul 29 16:16:25 EDT 2016

/usr/bin/uname -p = unknown
/bin/uname -X     = unknown

/bin/arch              = unknown
/usr/bin/arch -k       = unknown
/usr/convex/getsysinfo = unknown
/usr/bin/hostinfo      = unknown
/bin/machine           = unknown
/usr/bin/oslevel       = unknown
/bin/universe          = unknown

PATH: /root/.c9/node/bin/
PATH: /root/.c9/node_modules/.bin
PATH: /usr/local/sbin
PATH: /usr/local/bin
PATH: /usr/sbin
PATH: /usr/bin
PATH: /sbin
PATH: /bin
PATH: /usr/games
PATH: /usr/local/games
configure:12646: gcc -c -g -O2 -Wall -fno-strict-aliasing  conftest.c >&5


## ----------- ##
## Core tests. ##
## ----------- ##

gcc: error: conftest.c: No such file or directory
gcc: fatal error: no input files
compilation terminated.
configure:12646: $? = 4
configure: failed program was:
configure:12646: result: no
configure:12646: checking sys/sendfile.h presence
configure:2615: checking for a BSD-compatible install
configure:12646: gcc -E  conftest.c
configure:12646: $? = 0
configure:12646: result: yes
configure:12646: WARNING: sys/sendfile.h: present but cannot be compiled
configure:12646: WARNING: sys/sendfile.h:     check for missing prerequisite headers?
configure:12646: WARNING: sys/sendfile.h: see the Autoconf documentation
configure:12646: WARNING: sys/sendfile.h:     section "Present But Cannot Be Compiled"
configure:12646: WARNING: sys/sendfile.h: proceeding with the compiler's result
configure:12646: checking for sys/sendfile.h
configure:12646: result: no
configure:2683: result: /usr/bin/install -c
configure:2694: checking whether build environment is sane
configure:12646: checking sys/wait.h usability
configure:12646: gcc -c -g -O2 -Wall -fno-strict-aliasing  conftest.c >&5
configure:12646: $? = 0
configure:12646: result: yes
configure:12646: checking sys/wait.h presence
configure:12646: gcc -E  conftest.c
configure:12646: $? = 0
configure:12646: result: yes
configure:12646: checking for sys/wait.h
configure:12646: result: yes
configure:12646: checking netdb.h usability
configure:12646: gcc -c -g -O2 -Wall -fno-strict-aliasing  conftest.c >&5
configure:12646: $? = 0
configure:12646: result: yes
configure:12646: checking netdb.h presence
configure:12646: gcc -E  conftest.c
configure:12646: $? = 0
configure:12646: result: yes
configure:12646: checking for netdb.h
configure:12646: result: yes
configure:12658: checking for sys/stat.h
configure:12658: result: yes
configure:12670: checking for sys/sysctl.h
configure:12670: gcc -c -g -O2 -Wall -fno-strict-aliasing  conftest.c >&5
configure:12670: $? = 0
configure:12670: result: yes
configure:12686: checking for TAILQ_FOREACH in sys/queue.h
configure:12699: result: yes
configure:12714: checking for timeradd in sys/time.h
configure:12730: result: yes
configure:12742: checking for timercmp in sys/time.h
configure:12758: result: yes
configure:12770: checking for timerclear in sys/time.h
configure:12786: result: yes
configure:12798: checking for timerisset in sys/time.h
configure:12814: result: yes
configure:12826: checking whether CTL_KERN is declared
configure:12826: gcc -c -g -O2 -Wall -fno-strict-aliasing  conftest.c >&5
configure:12826: $? = 0
configure:12826: result: yes
configure:12839: checking whether KERN_RANDOM is declared
configure:12839: gcc -c -g -O2 -Wall -fno-strict-aliasing  conftest.c >&5
configure:12839: $? = 0
configure:12839: result: yes
configure:12852: checking whether RANDOM_UUID is declared
configure:12852: gcc -c -g -O2 -Wall -fno-strict-aliasing  conftest.c >&5
configure:12852: $? = 0
configure:12852: result: yes
configure:12865: checking whether KERN_ARND is declared
configure:12865: gcc -c -g -O2 -Wall -fno-strict-aliasing  conftest.c >&5
conftest.c: In function 'main':
conftest.c:32:10: error: 'KERN_ARND' undeclared (first use in this function)
   (void) KERN_ARND;
          ^
conftest.c:32:10: note: each undeclared identifier is reported only once for each function it appears in
configure:12865: $? = 1
configure: failed program was:
| /* confdefs.h */
| #define PACKAGE_NAME ""
| #define PACKAGE_TARNAME ""
| #define PACKAGE_VERSION ""
| #define PACKAGE_STRING ""
| #define PACKAGE_BUGREPORT ""
| #define PACKAGE_URL ""
| #define HAVE_SYS_WAIT_H 1
| #define HAVE_NETDB_H 1
| #define HAVE_SYS_STAT_H 1
| #define HAVE_SYS_SYSCTL_H 1
| #define HAVE_TAILQFOREACH 1
| #define HAVE_TIMERADD 1
| #define HAVE_TIMERCMP 1
| #define HAVE_TIMERCLEAR 1
| #define HAVE_TIMERISSET 1
| #define HAVE_DECL_CTL_KERN 1
| #define HAVE_DECL_KERN_RANDOM 1
| #define HAVE_DECL_RANDOM_UUID 1
| /* end confdefs.h.  */
| #include <sys/types.h>
| 	     #include <sys/sysctl.h>
| 
| 
| int
| main ()
| {
| #ifndef KERN_ARND
| #ifdef __cplusplus
|   (void) KERN_ARND;
| #else
|   (void) KERN_ARND;
| #endif
| #endif
| 
|   ;
|   return 0;
| }
configure:12865: result: no
configure:12965: checking for an ANSI C-conforming const
configure:13030: gcc -c -g -O2 -Wall -fno-strict-aliasing  conftest.c >&5
conftest.c: In function 'main':
conftest.c:51:7: warning: 't' is used uninitialized in this function [-Wuninitialized]
     *t++ = 0;
       ^
conftest.c:73:13: warning: 'cs[0]' is used uninitialized in this function [-Wuninitialized]
   return !cs[0] && !zero.x;
             ^
configure:13030: $? = 0
configure:13037: result: yes
configure:13045: checking for inline
configure:13061: gcc -c -g -O2 -Wall -fno-strict-aliasing  conftest.c >&5
configure:13061: $? = 0
configure:13069: result: inline
configure:13087: checking whether time.h and sys/time.h may both be included
configure:13107: gcc -c -g -O2 -Wall -fno-strict-aliasing  conftest.c >&5
configure:13107: $? = 0
configure:13114: result: yes
configure:13126: checking for gettimeofday
configure:13126: gcc -o conftest -g -O2 -Wall -fno-strict-aliasing   conftest.c  >&5
configure:13126: $? = 0
configure:13126: result: yes
configure:13126: checking for vasprintf
configure:13126: gcc -o conftest -g -O2 -Wall -fno-strict-aliasing   conftest.c  >&5
configure:13126: $? = 0
configure:13126: result: yes
configure:13126: checking for fcntl
configure:13126: gcc -o conftest -g -O2 -Wall -fno-strict-aliasing   conftest.c  >&5
configure:13126: $? = 0
configure:13126: result: yes
configure:13126: checking for clock_gettime
configure:13126: gcc -o conftest -g -O2 -Wall -fno-strict-aliasing   conftest.c  >&5
configure:13126: $? = 0
configure:13126: result: yes
configure:13126: checking for strtok_r
configure:13126: gcc -o conftest -g -O2 -Wall -fno-strict-aliasing   conftest.c  >&5
configure:13126: $? = 0
configure:13126: result: yes
configure:13126: checking for strsep
configure:13126: gcc -o conftest -g -O2 -Wall -fno-strict-aliasing   conftest.c  >&5
configure:13126: $? = 0
configure:13126: result: yes
configure:13138: checking for getnameinfo
configure:13138: gcc -o conftest -g -O2 -Wall -fno-strict-aliasing   conftest.c  >&5
configure:13138: $? = 0
configure:13138: result: yes
configure:13138: checking for strlcpy
configure:13138: gcc -o conftest -g -O2 -Wall -fno-strict-aliasing   conftest.c  >&5
/tmp/cc61a2kk.o: In function `main':
/root/.c9/libevent-2.0.21-stable/conftest.c:64: undefined reference to `strlcpy'
collect2: error: ld returned 1 exit status
configure:13138: $? = 1
configure: failed program was:
| /* confdefs.h */
| #define PACKAGE_NAME ""
| #define PACKAGE_TARNAME ""
| #define PACKAGE_VERSION ""
| #define PACKAGE_STRING ""
| #define PACKAGE_BUGREPORT ""
| #define PACKAGE_URL ""
| #define HAVE_SYS_WAIT_H 1
| #define HAVE_NETDB_H 1
| #define HAVE_SYS_STAT_H 1
| #define HAVE_SYS_SYSCTL_H 1
| #define HAVE_TAILQFOREACH 1
| #define HAVE_TIMERADD 1
| #define HAVE_TIMERCMP 1
| #define HAVE_TIMERCLEAR 1
| #define HAVE_TIMERISSET 1
| #define HAVE_DECL_CTL_KERN 1
| #define HAVE_DECL_KERN_RANDOM 1
| #define HAVE_DECL_RANDOM_UUID 1
| #define HAVE_DECL_KERN_ARND 0
| #define TIME_WITH_SYS_TIME 1
| #define HAVE_GETTIMEOFDAY 1
| #define HAVE_VASPRINTF 1
| #define HAVE_FCNTL 1
| #define HAVE_CLOCK_GETTIME 1
| #define HAVE_STRTOK_R 1
| #define HAVE_STRSEP 1
| #define HAVE_GETNAMEINFO 1
| /* end confdefs.h.  */
| /* Define strlcpy to an innocuous variant, in case <limits.h> declares strlcpy.
|    For example, HP-UX 11i <limits.h> declares gettimeofday.  */
| #define strlcpy innocuous_strlcpy
| 
| /* System header to define __stub macros and hopefully few prototypes,
|     which can conflict with char strlcpy (); below.
|     Prefer <limits.h> to <assert.h> if __STDC__ is defined, since
|     <limits.h> exists even on freestanding compilers.  */
| 
| #ifdef __STDC__
| # include <limits.h>
| #else
| # include <assert.h>
| #endif
| 
| #undef strlcpy
| 
| /* Override any GCC internal prototype to avoid an error.
|    Use char because int might match the return type of a GCC
|    builtin and then its argument prototype would still apply.  */
| #ifdef __cplusplus
| extern "C"
| #endif
| char strlcpy ();
| /* The GNU C library defines this for functions which it implements
|     to always fail with ENOSYS.  Some functions are actually named
|     something starting with __ and the normal name is an alias.  */
| #if defined __stub_strlcpy || defined __stub___strlcpy
| choke me
| #endif
| 
| int
| main ()
| {
| return strlcpy ();
|   ;
|   return 0;
| }
configure:13138: result: no
configure:13138: checking for inet_ntop
configure:13138: gcc -o conftest -g -O2 -Wall -fno-strict-aliasing   conftest.c  >&5
configure:13138: $? = 0
configure:13138: result: yes
configure:13138: checking for inet_pton
configure:13138: gcc -o conftest -g -O2 -Wall -fno-strict-aliasing   conftest.c  >&5
configure:13138: $? = 0
configure:13138: result: yes
configure:13138: checking for signal
configure:13138: gcc -o conftest -g -O2 -Wall -fno-strict-aliasing   conftest.c  >&5
configure:2744: result: yes
configure:2885: checking for a thread-safe mkdir -p
configure:2924: result: /bin/mkdir -p
configure:2937: checking for gawk
configure:2967: result: no
configure:2937: checking for mawk
configure:2953: found /usr/bin/mawk
configure:2964: result: mawk
configure:2975: checking whether make sets $(MAKE)
configure:13138: $? = 0
configure:13138: result: yes
configure:2997: result: yes
configure:13138: checking for sigaction
configure:13138: gcc -o conftest -g -O2 -Wall -fno-strict-aliasing   conftest.c  >&5
configure:3091: checking build system type
configure:13138: $? = 0
configure:13138: result: yes
configure:13138: checking for strtoll
configure:13138: gcc -o conftest -g -O2 -Wall -fno-strict-aliasing   conftest.c  >&5
configure:3105: result: x86_64-unknown-linux-gnu
configure:3125: checking host system type
configure:3138: result: x86_64-unknown-linux-gnu
configure:3214: checking for gcc
configure:3230: found /usr/bin/gcc
configure:3241: result: gcc
configure:3470: checking for C compiler version
configure:3479: gcc --version >&5
gcc (Ubuntu 4.8.4-2ubuntu1~14.04.3) 4.8.4
Copyright (C) 2013 Free Software Foundation, Inc.
This is free software; see the source for copying conditions.  There is NO
warranty; not even for MERCHANTABILITY or FITNESS FOR A PARTICULAR PURPOSE.

configure:3490: $? = 0
configure:3479: gcc -v >&5
Using built-in specs.
COLLECT_GCC=gcc
COLLECT_LTO_WRAPPER=/usr/lib/gcc/x86_64-linux-gnu/4.8/lto-wrapper
Target: x86_64-linux-gnu
Configured with: ../src/configure -v --with-pkgversion='Ubuntu 4.8.4-2ubuntu1~14.04.3' --with-bugurl=file:///usr/share/doc/gcc-4.8/README.Bugs --enable-languages=c,c++,java,go,d,fortran,objc,obj-c++ --prefix=/usr --program-suffix=-4.8 --enable-shared --enable-linker-build-id --libexecdir=/usr/lib --without-included-gettext --enable-threads=posix --with-gxx-include-dir=/usr/include/c++/4.8 --libdir=/usr/lib --enable-nls --with-sysroot=/ --enable-clocale=gnu --enable-libstdcxx-debug --enable-libstdcxx-time=yes --enable-gnu-unique-object --disable-libmudflap --enable-plugin --with-system-zlib --disable-browser-plugin --enable-java-awt=gtk --enable-gtk-cairo --with-java-home=/usr/lib/jvm/java-1.5.0-gcj-4.8-amd64/jre --enable-java-home --with-jvm-root-dir=/usr/lib/jvm/java-1.5.0-gcj-4.8-amd64 --with-jvm-jar-dir=/usr/lib/jvm-exports/java-1.5.0-gcj-4.8-amd64 --with-arch-directory=amd64 --with-ecj-jar=/usr/share/java/eclipse-ecj.jar --enable-objc-gc --enable-multiarch --disable-werror --with-arch-32=i686 --with-abi=m64 --with-multilib-list=m32,m64,mx32 --with-tune=generic --enable-checking=release --build=x86_64-linux-gnu --host=x86_64-linux-gnu --target=x86_64-linux-gnu
Thread model: posix
gcc version 4.8.4 (Ubuntu 4.8.4-2ubuntu1~14.04.3) 
configure:3490: $? = 0
configure:3479: gcc -V >&5
gcc: error: unrecognized command line option '-V'
gcc: fatal error: no input files
compilation terminated.
configure:3490: $? = 4
configure:3479: gcc -qversion >&5
gcc: error: unrecognized command line option '-qversion'
gcc: fatal error: no input files
compilation terminated.
configure:3490: $? = 4
configure:3510: checking whether the C compiler works
configure:13138: $? = 0
configure:3532: gcc    conftest.c  >&5
configure:13138: result: yes
gcc: error: conftest.c: No such file or directory
gcc: fatal error: no input files
compilation terminated.
configure:3536: $? = 4
configure:3574: result: no
configure: failed program was:
configure:3579: error: in `/root/.c9/libevent-2.0.21-stable':
configure:3581: error: C compiler cannot create executables
See `config.log' for more details

## ---------------- ##
## Cache variables. ##
## ---------------- ##

configure:13138: checking for inet_aton
configure:13138: gcc -o conftest -g -O2 -Wall -fno-strict-aliasing   conftest.c  >&5
ac_cv_build=x86_64-unknown-linux-gnu
ac_cv_env_CC_set=
ac_cv_env_CC_value=
ac_cv_env_CFLAGS_set=
ac_cv_env_CFLAGS_value=
ac_cv_env_CPPFLAGS_set=
ac_cv_env_CPPFLAGS_value=
ac_cv_env_CPP_set=
ac_cv_env_CPP_value=
ac_cv_env_LDFLAGS_set=
ac_cv_env_LDFLAGS_value=
ac_cv_env_LIBS_set=
ac_cv_env_LIBS_value=
ac_cv_env_build_alias_set=
ac_cv_env_build_alias_value=
ac_cv_env_host_alias_set=
ac_cv_env_host_alias_value=
ac_cv_env_target_alias_set=
ac_cv_env_target_alias_value=
ac_cv_host=x86_64-unknown-linux-gnu
ac_cv_path_install='/usr/bin/install -c'
ac_cv_path_mkdir=/bin/mkdir
ac_cv_prog_AWK=mawk
ac_cv_prog_ac_ct_CC=gcc
ac_cv_prog_make_make_set=yes

## ----------------- ##
## Output variables. ##
## ----------------- ##

ACLOCAL='${SHELL} /root/.c9/libevent-2.0.21-stable/missing --run aclocal-1.11'
AMDEPBACKSLASH=''
AMDEP_FALSE=''
AMDEP_TRUE=''
AMTAR='$${TAR-tar}'
AR=''
AUTOCONF='${SHELL} /root/.c9/libevent-2.0.21-stable/missing --run autoconf'
AUTOHEADER='${SHELL} /root/.c9/libevent-2.0.21-stable/missing --run autoheader'
AUTOMAKE='${SHELL} /root/.c9/libevent-2.0.21-stable/missing --run automake-1.11'
AWK='mawk'
BUILD_CYGWIN_FALSE=''
BUILD_CYGWIN_TRUE=''
BUILD_REGRESS_FALSE=''
BUILD_REGRESS_TRUE=''
BUILD_WIN32_FALSE=''
BUILD_WIN32_TRUE=''
BUILD_WITH_NO_UNDEFINED_FALSE=''
BUILD_WITH_NO_UNDEFINED_TRUE=''
CC='gcc'
CCDEPMODE=''
CFLAGS=''
CPP=''
CPPFLAGS=''
CYGPATH_W='echo'
DEFS=''
DEPDIR=''
DEVPOLL_BACKEND_FALSE=''
DEVPOLL_BACKEND_TRUE=''
DLLTOOL=''
DSYMUTIL=''
DUMPBIN=''
ECHO_C=''
ECHO_N='-n'
ECHO_T=''
EGREP=''
EPOLL_BACKEND_FALSE=''
EPOLL_BACKEND_TRUE=''
EVPORT_BACKEND_FALSE=''
EVPORT_BACKEND_TRUE=''
EV_LIB_GDI=''
EV_LIB_WS32=''
EXEEXT=''
FGREP=''
GREP=''
INSTALL_DATA='${INSTALL} -m 644'
INSTALL_LIBEVENT_FALSE=''
INSTALL_LIBEVENT_TRUE=''
INSTALL_PROGRAM='${INSTALL}'
INSTALL_SCRIPT='${INSTALL}'
INSTALL_STRIP_PROGRAM='$(install_sh) -c -s'
KQUEUE_BACKEND_FALSE=''
KQUEUE_BACKEND_TRUE=''
LD=''
LDFLAGS=''
LIBEVENT_GC_SECTIONS=''
LIBOBJS=''
LIBS=''
LIBTOOL=''
LIBTOOL_DEPS=''
LIPO=''
LN_S=''
LTLIBOBJS=''
MAKEINFO='${SHELL} /root/.c9/libevent-2.0.21-stable/missing --run makeinfo'
MANIFEST_TOOL=''
MKDIR_P='/bin/mkdir -p'
NM=''
NMEDIT=''
OBJDUMP=''
OBJEXT=''
OPENSSL_FALSE=''
OPENSSL_LIBADD=''
OPENSSL_LIBS=''
OPENSSL_TRUE=''
OTOOL64=''
OTOOL=''
PACKAGE='libevent'
PACKAGE_BUGREPORT=''
PACKAGE_NAME=''
PACKAGE_STRING=''
PACKAGE_TARNAME=''
PACKAGE_URL=''
PACKAGE_VERSION=''
PATH_SEPARATOR=':'
POLL_BACKEND_FALSE=''
POLL_BACKEND_TRUE=''
PTHREADS_FALSE=''
PTHREADS_TRUE=''
PTHREAD_CC=''
PTHREAD_CFLAGS=''
PTHREAD_LIBS=''
RANLIB=''
SED=''
SELECT_BACKEND_FALSE=''
SELECT_BACKEND_TRUE=''
SET_MAKE=''
SHELL='/bin/bash'
SIGNAL_SUPPORT_FALSE=''
SIGNAL_SUPPORT_TRUE=''
STRIP=''
VERSION='2.0.21-stable'
ZLIB_LIBS=''
ZLIB_REGRESS_FALSE=''
ZLIB_REGRESS_TRUE=''
ac_ct_AR=''
ac_ct_CC='gcc'
ac_ct_DUMPBIN=''
acx_pthread_config=''
am__EXEEXT_FALSE=''
am__EXEEXT_TRUE=''
am__fastdepCC_FALSE=''
am__fastdepCC_TRUE=''
am__include=''
am__isrc=''
am__leading_dot='.'
am__nodep=''
am__quote=''
am__tar='$${TAR-tar} chof - "$$tardir"'
am__untar='$${TAR-tar} xf -'
bindir='${exec_prefix}/bin'
build='x86_64-unknown-linux-gnu'
build_alias=''
build_cpu='x86_64'
build_os='linux-gnu'
build_vendor='unknown'
datadir='${datarootdir}'
datarootdir='${prefix}/share'
docdir='${datarootdir}/doc/${PACKAGE}'
dvidir='${docdir}'
exec_prefix='NONE'
host='x86_64-unknown-linux-gnu'
host_alias=''
host_cpu='x86_64'
host_os='linux-gnu'
host_vendor='unknown'
htmldir='${docdir}'
includedir='${prefix}/include'
infodir='${datarootdir}/info'
install_sh='${SHELL} /root/.c9/libevent-2.0.21-stable/install-sh'
libdir='${exec_prefix}/lib'
libexecdir='${exec_prefix}/libexec'
localedir='${datarootdir}/locale'
localstatedir='${prefix}/var'
mandir='${datarootdir}/man'
mkdir_p='/bin/mkdir -p'
oldincludedir='/usr/include'
pdfdir='${docdir}'
prefix='/root/.c9/local'
program_transform_name='s,x,x,'
psdir='${docdir}'
sbindir='${exec_prefix}/sbin'
sharedstatedir='${prefix}/com'
sysconfdir='${prefix}/etc'
target_alias=''

## ----------- ##
## confdefs.h. ##
## ----------- ##

/* confdefs.h */
#define PACKAGE_NAME ""
#define PACKAGE_TARNAME ""
#define PACKAGE_VERSION ""
#define PACKAGE_STRING ""
#define PACKAGE_BUGREPORT ""
#define PACKAGE_URL ""
#define HAVE_SYS_WAIT_H 1
#define HAVE_NETDB_H 1
#define HAVE_SYS_STAT_H 1
#define HAVE_SYS_SYSCTL_H 1
#define HAVE_TAILQFOREACH 1
#define HAVE_TIMERADD 1
#define HAVE_TIMERCMP 1
#define HAVE_TIMERCLEAR 1
#define HAVE_TIMERISSET 1
#define HAVE_DECL_CTL_KERN 1
#define HAVE_DECL_KERN_RANDOM 1
#define HAVE_DECL_RANDOM_UUID 1
#define HAVE_DECL_KERN_ARND 0
#define TIME_WITH_SYS_TIME 1
#define HAVE_GETTIMEOFDAY 1
#define HAVE_VASPRINTF 1
#define HAVE_FCNTL 1
#define HAVE_CLOCK_GETTIME 1
#define HAVE_STRTOK_R 1
#define HAVE_STRSEP 1
#define HAVE_GETNAMEINFO 1
#define HAVE_INET_NTOP 1
#define HAVE_INET_PTON 1
#define HAVE_SIGNAL 1
#define PACKAGE "libevent"
#define VERSION "2.0.21-stable"
#define NUMERIC_VERSION 0x02001500
#define HAVE_SIGACTION 1
#define HAVE_STRTOLL 1

configure: exit 77
configure:13138: $? = 0
configure:13138: result: yes
configure:13138: checking for pipe
configure:13138: gcc -o conftest -g -O2 -Wall -fno-strict-aliasing   conftest.c  >&5
configure:13138: $? = 0
configure:13138: result: yes
configure:13138: checking for eventfd
configure:13138: gcc -o conftest -g -O2 -Wall -fno-strict-aliasing   conftest.c  >&5
configure:13138: $? = 0
configure:13138: result: yes
configure:13138: checking for sendfile
configure:13138: gcc -o conftest -g -O2 -Wall -fno-strict-aliasing   conftest.c  >&5
configure:13138: $? = 0
configure:13138: result: yes
configure:13138: checking for mmap
configure:13138: gcc -o conftest -g -O2 -Wall -fno-strict-aliasing   conftest.c  >&5
configure:13138: $? = 0
configure:13138: result: yes
configure:13138: checking for splice
configure:13138: gcc -o conftest -g -O2 -Wall -fno-strict-aliasing   conftest.c  >&5
configure:13138: $? = 0
configure:13138: result: yes
configure:13138: checking for arc4random
configure:13138: gcc -o conftest -g -O2 -Wall -fno-strict-aliasing   conftest.c  >&5
/tmp/cc1mAwsG.o: In function `main':
/root/.c9/libevent-2.0.21-stable/conftest.c:42: undefined reference to `arc4random'
collect2: error: ld returned 1 exit status
configure:13138: $? = 1
configure: failed program was:
| #define HAVE_INET_ATON 1
| #define HAVE_PIPE 1
| #define HAVE_EVENTFD 1
| #define HAVE_SENDFILE 1
| #define HAVE_MMAP 1
| #define HAVE_SPLICE 1
| /* end confdefs.h.  */
| /* Define arc4random to an innocuous variant, in case <limits.h> declares arc4random.
|    For example, HP-UX 11i <limits.h> declares gettimeofday.  */
| #define arc4random innocuous_arc4random
| 
| /* System header to define __stub macros and hopefully few prototypes,
|     which can conflict with char arc4random (); below.
|     Prefer <limits.h> to <assert.h> if __STDC__ is defined, since
|     <limits.h> exists even on freestanding compilers.  */
| 
| #ifdef __STDC__
| # include <limits.h>
| #else
| # include <assert.h>
| #endif
| 
| #undef arc4random
| 
| /* Override any GCC internal prototype to avoid an error.
|    Use char because int might match the return type of a GCC
|    builtin and then its argument prototype would still apply.  */
| #ifdef __cplusplus
| extern "C"
| #endif
| char arc4random ();
| /* The GNU C library defines this for functions which it implements
|     to always fail with ENOSYS.  Some functions are actually named
|     something starting with __ and the normal name is an alias.  */
| #if defined __stub_arc4random || defined __stub___arc4random
| choke me
| #endif
| 
| int
| main ()
| {
| return arc4random ();
|   ;
|   return 0;
| }
configure:13138: result: no
configure:13138: checking for arc4random_buf
configure:13138: gcc -o conftest -g -O2 -Wall -fno-strict-aliasing   conftest.c  >&5
/tmp/ccpudMHQ.o: In function `main':
/root/.c9/libevent-2.0.21-stable/conftest.c:42: undefined reference to `arc4random_buf'
collect2: error: ld returned 1 exit status
configure:13138: $? = 1
configure: failed program was:
| #define HAVE_INET_ATON 1
| #define HAVE_PIPE 1
| #define HAVE_EVENTFD 1
| #define HAVE_SENDFILE 1
| #define HAVE_MMAP 1
| #define HAVE_SPLICE 1
| /* end confdefs.h.  */
| /* Define arc4random_buf to an innocuous variant, in case <limits.h> declares arc4random_buf.
|    For example, HP-UX 11i <limits.h> declares gettimeofday.  */
| #define arc4random_buf innocuous_arc4random_buf
| 
| /* System header to define __stub macros and hopefully few prototypes,
|     which can conflict with char arc4random_buf (); below.
|     Prefer <limits.h> to <assert.h> if __STDC__ is defined, since
|     <limits.h> exists even on freestanding compilers.  */
| 
| #ifdef __STDC__
| # include <limits.h>
| #else
| # include <assert.h>
| #endif
| 
| #undef arc4random_buf
| 
| /* Override any GCC internal prototype to avoid an error.
|    Use char because int might match the return type of a GCC
|    builtin and then its argument prototype would still apply.  */
| #ifdef __cplusplus
| extern "C"
| #endif
| char arc4random_buf ();
| /* The GNU C library defines this for functions which it implements
|     to always fail with ENOSYS.  Some functions are actually named
|     something starting with __ and the normal name is an alias.  */
| #if defined __stub_arc4random_buf || defined __stub___arc4random_buf
| choke me
| #endif
| 
| int
| main ()
| {
| return arc4random_buf ();
|   ;
|   return 0;
| }
configure:13138: result: no
configure:13138: checking for issetugid
configure:13138: gcc -o conftest -g -O2 -Wall -fno-strict-aliasing   conftest.c  >&5
/tmp/ccWMQJmS.o: In function `main':
/root/.c9/libevent-2.0.21-stable/conftest.c:42: undefined reference to `issetugid'
collect2: error: ld returned 1 exit status
configure:13138: $? = 1
configure: failed program was:
| #define HAVE_INET_ATON 1
| #define HAVE_PIPE 1
| #define HAVE_EVENTFD 1
| #define HAVE_SENDFILE 1
| #define HAVE_MMAP 1
| #define HAVE_SPLICE 1
| /* end confdefs.h.  */
| /* Define issetugid to an innocuous variant, in case <limits.h> declares issetugid.
|    For example, HP-UX 11i <limits.h> declares gettimeofday.  */
| #define issetugid innocuous_issetugid
| 
| /* System header to define __stub macros and hopefully few prototypes,
|     which can conflict with char issetugid (); below.
|     Prefer <limits.h> to <assert.h> if __STDC__ is defined, since
|     <limits.h> exists even on freestanding compilers.  */
| 
| #ifdef __STDC__
| # include <limits.h>
| #else
| # include <assert.h>
| #endif
| 
| #undef issetugid
| 
| /* Override any GCC internal prototype to avoid an error.
|    Use char because int might match the return type of a GCC
|    builtin and then its argument prototype would still apply.  */
| #ifdef __cplusplus
| extern "C"
| #endif
| char issetugid ();
| /* The GNU C library defines this for functions which it implements
|     to always fail with ENOSYS.  Some functions are actually named
|     something starting with __ and the normal name is an alias.  */
| #if defined __stub_issetugid || defined __stub___issetugid
| choke me
| #endif
| 
| int
| main ()
| {
| return issetugid ();
|   ;
|   return 0;
| }
configure:13138: result: no
configure:13138: checking for geteuid
configure:13138: gcc -o conftest -g -O2 -Wall -fno-strict-aliasing   conftest.c  >&5
configure:13138: $? = 0
configure:13138: result: yes
configure:13138: checking for getegid
configure:13138: gcc -o conftest -g -O2 -Wall -fno-strict-aliasing   conftest.c  >&5
configure:13138: $? = 0
configure:13138: result: yes
configure:13138: checking for getprotobynumber
configure:13138: gcc -o conftest -g -O2 -Wall -fno-strict-aliasing   conftest.c  >&5
configure:13138: $? = 0
configure:13138: result: yes
configure:13138: checking for setenv
configure:13138: gcc -o conftest -g -O2 -Wall -fno-strict-aliasing   conftest.c  >&5
configure:13138: $? = 0
configure:13138: result: yes
configure:13138: checking for unsetenv
configure:13138: gcc -o conftest -g -O2 -Wall -fno-strict-aliasing   conftest.c  >&5
configure:13138: $? = 0
configure:13138: result: yes
configure:13138: checking for putenv
configure:13138: gcc -o conftest -g -O2 -Wall -fno-strict-aliasing   conftest.c  >&5
configure:13138: $? = 0
configure:13138: result: yes
configure:13138: checking for sysctl
configure:13138: gcc -o conftest -g -O2 -Wall -fno-strict-aliasing   conftest.c  >&5
configure:13138: $? = 0
configure:13138: result: yes
configure:13149: checking for umask
configure:13149: gcc -o conftest -g -O2 -Wall -fno-strict-aliasing   conftest.c  >&5
configure:13149: $? = 0
configure:13149: result: yes
configure:13159: checking for getaddrinfo
configure:13182: gcc -o conftest -g -O2 -Wall -fno-strict-aliasing   conftest.c  >&5
conftest.c: In function 'main':
conftest.c:25:3: error: 'getaddrinfo' undeclared (first use in this function)
   getaddrinfo;
   ^
conftest.c:25:3: note: each undeclared identifier is reported only once for each function it appears in
configure:13182: $? = 1
configure: failed program was:
| #define HAVE_INET_ATON 1
| #define HAVE_PIPE 1
| #define HAVE_EVENTFD 1
| #define HAVE_SENDFILE 1
| #define HAVE_MMAP 1
| #define HAVE_SPLICE 1
| #define HAVE_GETEUID 1
| #define HAVE_GETEGID 1
| #define HAVE_GETPROTOBYNUMBER 1
| #define HAVE_SETENV 1
| #define HAVE_UNSETENV 1
| #define HAVE_PUTENV 1
| #define HAVE_SYSCTL 1
| #define HAVE_UMASK 1
| /* end confdefs.h.  */
| 
| 		#ifdef HAVE_NETDB_H
| 		#include <netdb.h>
| 		#endif
| 
| int
| main ()
| {
| 
| 		getaddrinfo;
| 
| 
|   ;
|   return 0;
| }
configure:13192: result: no
configure:13202: checking for getservbyname
configure:13202: gcc -o conftest -g -O2 -Wall -fno-strict-aliasing   conftest.c  >&5
configure:13202: $? = 0
configure:13202: result: yes
configure:13216: checking for gethostbyname_r
configure:13216: gcc -o conftest -g -O2 -Wall -fno-strict-aliasing   conftest.c  >&5
configure:13216: $? = 0
configure:13216: result: yes
configure:13219: checking how many arguments gethostbyname_r() wants
configure:13241: gcc -c -g -O2 -Wall -fno-strict-aliasing     conftest.c >&5
conftest.c: In function 'main':
conftest.c:27:26: warning: 'i1' is used uninitialized in this function [-Wuninitialized]
     (void)gethostbyname_r(cp1,h1,cp2,i1,&h2,&i2);
                          ^
conftest.c:27:5: warning: 'cp1' is used uninitialized in this function [-Wuninitialized]
     (void)gethostbyname_r(cp1,h1,cp2,i1,&h2,&i2);
     ^
conftest.c:27:5: warning: 'h1' is used uninitialized in this function [-Wuninitialized]
conftest.c:27:5: warning: 'cp2' is used uninitialized in this function [-Wuninitialized]
configure:13241: $? = 0
configure:13248: result: 6
configure:13335: checking size of long
configure:13340: gcc -o conftest -g -O2 -Wall -fno-strict-aliasing   conftest.c  >&5
configure:13340: $? = 0
configure:13340: ./conftest
configure:13340: $? = 0
configure:13354: result: 8
configure:13365: checking for F_SETFD in fcntl.h
configure:13382: result: yes
configure:13396: checking for select
configure:13396: gcc -o conftest -g -O2 -Wall -fno-strict-aliasing   conftest.c  >&5
configure:13396: $? = 0
configure:13396: result: yes
configure:13421: checking for poll
configure:13421: gcc -o conftest -g -O2 -Wall -fno-strict-aliasing   conftest.c  >&5
configure:13421: $? = 0
configure:13421: result: yes
configure:13557: checking for epoll_ctl
configure:13557: gcc -o conftest -g -O2 -Wall -fno-strict-aliasing   conftest.c  >&5
configure:13557: $? = 0
configure:13557: result: yes
configure:13641: checking for port_create
configure:13641: gcc -o conftest -g -O2 -Wall -fno-strict-aliasing   conftest.c  >&5
/tmp/ccaPGng6.o: In function `main':
/root/.c9/libevent-2.0.21-stable/conftest.c:59: undefined reference to `port_create'
collect2: error: ld returned 1 exit status
configure:13641: $? = 1
configure: failed program was:
| #define HAVE_INET_ATON 1
| #define HAVE_PIPE 1
| #define HAVE_EVENTFD 1
| #define HAVE_SENDFILE 1
| #define HAVE_MMAP 1
| #define HAVE_SPLICE 1
| #define HAVE_GETEUID 1
| #define HAVE_GETEGID 1
| #define HAVE_GETPROTOBYNUMBER 1
| #define HAVE_SETENV 1
| #define HAVE_UNSETENV 1
| #define HAVE_PUTENV 1
| #define HAVE_SYSCTL 1
| #define HAVE_UMASK 1
| #define HAVE_GETSERVBYNAME 1
| #define HAVE_GETHOSTBYNAME_R 1
| #define HAVE_GETHOSTBYNAME_R_6_ARG 1
| #define SIZEOF_LONG 8
| #define HAVE_SETFD 1
| #define HAVE_SELECT 1
| #define HAVE_POLL 1
| #define HAVE_EPOLL_CTL 1
| #define HAVE_EPOLL 1
| /* end confdefs.h.  */
| /* Define port_create to an innocuous variant, in case <limits.h> declares port_create.
|    For example, HP-UX 11i <limits.h> declares gettimeofday.  */
| #define port_create innocuous_port_create
| 
| /* System header to define __stub macros and hopefully few prototypes,
|     which can conflict with char port_create (); below.
|     Prefer <limits.h> to <assert.h> if __STDC__ is defined, since
|     <limits.h> exists even on freestanding compilers.  */
| 
| #ifdef __STDC__
| # include <limits.h>
| #else
| # include <assert.h>
| #endif
| 
| #undef port_create
| 
| /* Override any GCC internal prototype to avoid an error.
|    Use char because int might match the return type of a GCC
|    builtin and then its argument prototype would still apply.  */
| #ifdef __cplusplus
| extern "C"
| #endif
| char port_create ();
| /* The GNU C library defines this for functions which it implements
|     to always fail with ENOSYS.  Some functions are actually named
|     something starting with __ and the normal name is an alias.  */
| #if defined __stub_port_create || defined __stub___port_create
| choke me
| #endif
| 
| int
| main ()
| {
| return port_create ();
|   ;
|   return 0;
| }
configure:13641: result: no
configure:13678: checking for pid_t
configure:13678: gcc -c -g -O2 -Wall -fno-strict-aliasing  conftest.c >&5
conftest.c: In function 'main':
conftest.c:61:13: error: 'pid_t' undeclared (first use in this function)
 if (sizeof (pid_t))
             ^
conftest.c:61:13: note: each undeclared identifier is reported only once for each function it appears in
configure:13678: $? = 1
configure: failed program was:
| #define HAVE_INET_ATON 1
| #define HAVE_PIPE 1
| #define HAVE_EVENTFD 1
| #define HAVE_SENDFILE 1
| #define HAVE_MMAP 1
| #define HAVE_SPLICE 1
| #define HAVE_GETEUID 1
| #define HAVE_GETEGID 1
| #define HAVE_GETPROTOBYNUMBER 1
| #define HAVE_SETENV 1
| #define HAVE_UNSETENV 1
| #define HAVE_PUTENV 1
| #define HAVE_SYSCTL 1
| #define HAVE_UMASK 1
| #define HAVE_GETSERVBYNAME 1
| #define HAVE_GETHOSTBYNAME_R 1
| #define HAVE_GETHOSTBYNAME_R_6_ARG 1
| #define SIZEOF_LONG 8
| #define HAVE_SETFD 1
| #define HAVE_SELECT 1
| #define HAVE_POLL 1
| #define HAVE_EPOLL_CTL 1
| #define HAVE_EPOLL 1
| /* end confdefs.h.  */
| #include <stdio.h>
| #ifdef HAVE_SYS_TYPES_H
| # include <sys/types.h>
| #endif
| #ifdef HAVE_SYS_STAT_H
| # include <sys/stat.h>
| #endif
| #ifdef STDC_HEADERS
| # include <stdlib.h>
| # include <stddef.h>
| #else
| # ifdef HAVE_STDLIB_H
| #  include <stdlib.h>
| # endif
| #endif
| #ifdef HAVE_STRING_H
| # if !defined STDC_HEADERS && defined HAVE_MEMORY_H
| #  include <memory.h>
| # endif
| # include <string.h>
| #endif
| #ifdef HAVE_STRINGS_H
| # include <strings.h>
| #endif
| #ifdef HAVE_INTTYPES_H
| # include <inttypes.h>
| #endif
| #ifdef HAVE_STDINT_H
| # include <stdint.h>
| #endif
| #ifdef HAVE_UNISTD_H
| # include <unistd.h>
| #endif
| int
| main ()
| {
| if (sizeof (pid_t))
| 	 return 0;
|   ;
|   return 0;
| }
configure:13678: result: no
configure:13689: checking for size_t
configure:13689: gcc -c -g -O2 -Wall -fno-strict-aliasing  conftest.c >&5
configure:13689: $? = 0
configure:13689: gcc -c -g -O2 -Wall -fno-strict-aliasing  conftest.c >&5
conftest.c: In function 'main':
conftest.c:62:21: error: expected expression before ')' token
 if (sizeof ((size_t)))
                     ^
configure:13689: $? = 1
configure: failed program was:
| #define HAVE_INET_ATON 1
| #define HAVE_PIPE 1
| #define HAVE_EVENTFD 1
| #define HAVE_SENDFILE 1
| #define HAVE_MMAP 1
| #define HAVE_SPLICE 1
| #define HAVE_GETEUID 1
| #define HAVE_GETEGID 1
| #define HAVE_GETPROTOBYNUMBER 1
| #define HAVE_SETENV 1
| #define HAVE_UNSETENV 1
| #define HAVE_PUTENV 1
| #define HAVE_SYSCTL 1
| #define HAVE_UMASK 1
| #define HAVE_GETSERVBYNAME 1
| #define HAVE_GETHOSTBYNAME_R 1
| #define HAVE_GETHOSTBYNAME_R_6_ARG 1
| #define SIZEOF_LONG 8
| #define HAVE_SETFD 1
| #define HAVE_SELECT 1
| #define HAVE_POLL 1
| #define HAVE_EPOLL_CTL 1
| #define HAVE_EPOLL 1
| #define pid_t int
| /* end confdefs.h.  */
| #include <stdio.h>
| #ifdef HAVE_SYS_TYPES_H
| # include <sys/types.h>
| #endif
| #ifdef HAVE_SYS_STAT_H
| # include <sys/stat.h>
| #endif
| #ifdef STDC_HEADERS
| # include <stdlib.h>
| # include <stddef.h>
| #else
| # ifdef HAVE_STDLIB_H
| #  include <stdlib.h>
| # endif
| #endif
| #ifdef HAVE_STRING_H
| # if !defined STDC_HEADERS && defined HAVE_MEMORY_H
| #  include <memory.h>
| # endif
| # include <string.h>
| #endif
| #ifdef HAVE_STRINGS_H
| # include <strings.h>
| #endif
| #ifdef HAVE_INTTYPES_H
| # include <inttypes.h>
| #endif
| #ifdef HAVE_STDINT_H
| # include <stdint.h>
| #endif
| #ifdef HAVE_UNISTD_H
| # include <unistd.h>
| #endif
| int
| main ()
| {
| if (sizeof ((size_t)))
| 	    return 0;
|   ;
|   return 0;
| }
configure:13689: result: yes
configure:13700: checking for ssize_t
configure:13700: gcc -c -g -O2 -Wall -fno-strict-aliasing  conftest.c >&5
configure:13700: $? = 0
configure:13700: gcc -c -g -O2 -Wall -fno-strict-aliasing  conftest.c >&5
conftest.c: In function 'main':
conftest.c:62:22: error: expected expression before ')' token
 if (sizeof ((ssize_t)))
                      ^
configure:13700: $? = 1
configure: failed program was:
| #define HAVE_INET_ATON 1
| #define HAVE_PIPE 1
| #define HAVE_EVENTFD 1
| #define HAVE_SENDFILE 1
| #define HAVE_MMAP 1
| #define HAVE_SPLICE 1
| #define HAVE_GETEUID 1
| #define HAVE_GETEGID 1
| #define HAVE_GETPROTOBYNUMBER 1
| #define HAVE_SETENV 1
| #define HAVE_UNSETENV 1
| #define HAVE_PUTENV 1
| #define HAVE_SYSCTL 1
| #define HAVE_UMASK 1
| #define HAVE_GETSERVBYNAME 1
| #define HAVE_GETHOSTBYNAME_R 1
| #define HAVE_GETHOSTBYNAME_R_6_ARG 1
| #define SIZEOF_LONG 8
| #define HAVE_SETFD 1
| #define HAVE_SELECT 1
| #define HAVE_POLL 1
| #define HAVE_EPOLL_CTL 1
| #define HAVE_EPOLL 1
| #define pid_t int
| /* end confdefs.h.  */
| #include <stdio.h>
| #ifdef HAVE_SYS_TYPES_H
| # include <sys/types.h>
| #endif
| #ifdef HAVE_SYS_STAT_H
| # include <sys/stat.h>
| #endif
| #ifdef STDC_HEADERS
| # include <stdlib.h>
| # include <stddef.h>
| #else
| # ifdef HAVE_STDLIB_H
| #  include <stdlib.h>
| # endif
| #endif
| #ifdef HAVE_STRING_H
| # if !defined STDC_HEADERS && defined HAVE_MEMORY_H
| #  include <memory.h>
| # endif
| # include <string.h>
| #endif
| #ifdef HAVE_STRINGS_H
| # include <strings.h>
| #endif
| #ifdef HAVE_INTTYPES_H
| # include <inttypes.h>
| #endif
| #ifdef HAVE_STDINT_H
| # include <stdint.h>
| #endif
| #ifdef HAVE_UNISTD_H
| # include <unistd.h>
| #endif
| int
| main ()
| {
| if (sizeof ((ssize_t)))
| 	    return 0;
|   ;
|   return 0;
| }
configure:13700: result: yes
configure:13712: checking for uint64_t
configure:13712: gcc -c -g -O2 -Wall -fno-strict-aliasing  conftest.c >&5
conftest.c: In function 'main':
conftest.c:38:13: error: 'uint64_t' undeclared (first use in this function)
 if (sizeof (uint64_t))
             ^
conftest.c:38:13: note: each undeclared identifier is reported only once for each function it appears in
configure:13712: $? = 1
configure: failed program was:
| #define HAVE_INET_ATON 1
| #define HAVE_PIPE 1
| #define HAVE_EVENTFD 1
| #define HAVE_SENDFILE 1
| #define HAVE_MMAP 1
| #define HAVE_SPLICE 1
| #define HAVE_GETEUID 1
| #define HAVE_GETEGID 1
| #define HAVE_GETPROTOBYNUMBER 1
| #define HAVE_SETENV 1
| #define HAVE_UNSETENV 1
| #define HAVE_PUTENV 1
| #define HAVE_SYSCTL 1
| #define HAVE_UMASK 1
| #define HAVE_GETSERVBYNAME 1
| #define HAVE_GETHOSTBYNAME_R 1
| #define HAVE_GETHOSTBYNAME_R_6_ARG 1
| #define SIZEOF_LONG 8
| #define HAVE_SETFD 1
| #define HAVE_SELECT 1
| #define HAVE_POLL 1
| #define HAVE_EPOLL_CTL 1
| #define HAVE_EPOLL 1
| #define pid_t int
| /* end confdefs.h.  */
| #ifdef HAVE_STDINT_H
| #include <stdint.h>
| #elif defined(HAVE_INTTYPES_H)
| #include <inttypes.h>
| #endif
| #ifdef HAVE_SYS_TYPES_H
| #include <sys/types.h>
| #endif
| 
| int
| main ()
| {
| if (sizeof (uint64_t))
| 	 return 0;
|   ;
|   return 0;
| }
configure:13712: result: no
configure:13729: checking for uint32_t
configure:13729: gcc -c -g -O2 -Wall -fno-strict-aliasing  conftest.c >&5
conftest.c: In function 'main':
conftest.c:38:13: error: 'uint32_t' undeclared (first use in this function)
 if (sizeof (uint32_t))
             ^
conftest.c:38:13: note: each undeclared identifier is reported only once for each function it appears in
configure:13729: $? = 1
configure: failed program was:
| #define HAVE_INET_ATON 1
| #define HAVE_PIPE 1
| #define HAVE_EVENTFD 1
| #define HAVE_SENDFILE 1
| #define HAVE_MMAP 1
| #define HAVE_SPLICE 1
| #define HAVE_GETEUID 1
| #define HAVE_GETEGID 1
| #define HAVE_GETPROTOBYNUMBER 1
| #define HAVE_SETENV 1
| #define HAVE_UNSETENV 1
| #define HAVE_PUTENV 1
| #define HAVE_SYSCTL 1
| #define HAVE_UMASK 1
| #define HAVE_GETSERVBYNAME 1
| #define HAVE_GETHOSTBYNAME_R 1
| #define HAVE_GETHOSTBYNAME_R_6_ARG 1
| #define SIZEOF_LONG 8
| #define HAVE_SETFD 1
| #define HAVE_SELECT 1
| #define HAVE_POLL 1
| #define HAVE_EPOLL_CTL 1
| #define HAVE_EPOLL 1
| #define pid_t int
| /* end confdefs.h.  */
| #ifdef HAVE_STDINT_H
| #include <stdint.h>
| #elif defined(HAVE_INTTYPES_H)
| #include <inttypes.h>
| #endif
| #ifdef HAVE_SYS_TYPES_H
| #include <sys/types.h>
| #endif
| 
| int
| main ()
| {
| if (sizeof (uint32_t))
| 	 return 0;
|   ;
|   return 0;
| }
configure:13729: result: no
configure:13746: checking for uint16_t
configure:13746: gcc -c -g -O2 -Wall -fno-strict-aliasing  conftest.c >&5
conftest.c: In function 'main':
conftest.c:38:13: error: 'uint16_t' undeclared (first use in this function)
 if (sizeof (uint16_t))
             ^
conftest.c:38:13: note: each undeclared identifier is reported only once for each function it appears in
configure:13746: $? = 1
configure: failed program was:
| #define HAVE_INET_ATON 1
| #define HAVE_PIPE 1
| #define HAVE_EVENTFD 1
| #define HAVE_SENDFILE 1
| #define HAVE_MMAP 1
| #define HAVE_SPLICE 1
| #define HAVE_GETEUID 1
| #define HAVE_GETEGID 1
| #define HAVE_GETPROTOBYNUMBER 1
| #define HAVE_SETENV 1
| #define HAVE_UNSETENV 1
| #define HAVE_PUTENV 1
| #define HAVE_SYSCTL 1
| #define HAVE_UMASK 1
| #define HAVE_GETSERVBYNAME 1
| #define HAVE_GETHOSTBYNAME_R 1
| #define HAVE_GETHOSTBYNAME_R_6_ARG 1
| #define SIZEOF_LONG 8
| #define HAVE_SETFD 1
| #define HAVE_SELECT 1
| #define HAVE_POLL 1
| #define HAVE_EPOLL_CTL 1
| #define HAVE_EPOLL 1
| #define pid_t int
| /* end confdefs.h.  */
| #ifdef HAVE_STDINT_H
| #include <stdint.h>
| #elif defined(HAVE_INTTYPES_H)
| #include <inttypes.h>
| #endif
| #ifdef HAVE_SYS_TYPES_H
| #include <sys/types.h>
| #endif
| 
| int
| main ()
| {
| if (sizeof (uint16_t))
| 	 return 0;
|   ;
|   return 0;
| }
configure:13746: result: no
configure:13763: checking for uint8_t
configure:13763: gcc -c -g -O2 -Wall -fno-strict-aliasing  conftest.c >&5
conftest.c: In function 'main':
conftest.c:38:13: error: 'uint8_t' undeclared (first use in this function)
 if (sizeof (uint8_t))
             ^
conftest.c:38:13: note: each undeclared identifier is reported only once for each function it appears in
configure:13763: $? = 1
configure: failed program was:
| #define HAVE_INET_ATON 1
| #define HAVE_PIPE 1
| #define HAVE_EVENTFD 1
| #define HAVE_SENDFILE 1
| #define HAVE_MMAP 1
| #define HAVE_SPLICE 1
| #define HAVE_GETEUID 1
| #define HAVE_GETEGID 1
| #define HAVE_GETPROTOBYNUMBER 1
| #define HAVE_SETENV 1
| #define HAVE_UNSETENV 1
| #define HAVE_PUTENV 1
| #define HAVE_SYSCTL 1
| #define HAVE_UMASK 1
| #define HAVE_GETSERVBYNAME 1
| #define HAVE_GETHOSTBYNAME_R 1
| #define HAVE_GETHOSTBYNAME_R_6_ARG 1
| #define SIZEOF_LONG 8
| #define HAVE_SETFD 1
| #define HAVE_SELECT 1
| #define HAVE_POLL 1
| #define HAVE_EPOLL_CTL 1
| #define HAVE_EPOLL 1
| #define pid_t int
| /* end confdefs.h.  */
| #ifdef HAVE_STDINT_H
| #include <stdint.h>
| #elif defined(HAVE_INTTYPES_H)
| #include <inttypes.h>
| #endif
| #ifdef HAVE_SYS_TYPES_H
| #include <sys/types.h>
| #endif
| 
| int
| main ()
| {
| if (sizeof (uint8_t))
| 	 return 0;
|   ;
|   return 0;
| }
configure:13763: result: no
configure:13780: checking for uintptr_t
configure:13780: gcc -c -g -O2 -Wall -fno-strict-aliasing  conftest.c >&5
conftest.c: In function 'main':
conftest.c:38:13: error: 'uintptr_t' undeclared (first use in this function)
 if (sizeof (uintptr_t))
             ^
conftest.c:38:13: note: each undeclared identifier is reported only once for each function it appears in
configure:13780: $? = 1
configure: failed program was:
| #define HAVE_INET_ATON 1
| #define HAVE_PIPE 1
| #define HAVE_EVENTFD 1
| #define HAVE_SENDFILE 1
| #define HAVE_MMAP 1
| #define HAVE_SPLICE 1
| #define HAVE_GETEUID 1
| #define HAVE_GETEGID 1
| #define HAVE_GETPROTOBYNUMBER 1
| #define HAVE_SETENV 1
| #define HAVE_UNSETENV 1
| #define HAVE_PUTENV 1
| #define HAVE_SYSCTL 1
| #define HAVE_UMASK 1
| #define HAVE_GETSERVBYNAME 1
| #define HAVE_GETHOSTBYNAME_R 1
| #define HAVE_GETHOSTBYNAME_R_6_ARG 1
| #define SIZEOF_LONG 8
| #define HAVE_SETFD 1
| #define HAVE_SELECT 1
| #define HAVE_POLL 1
| #define HAVE_EPOLL_CTL 1
| #define HAVE_EPOLL 1
| #define pid_t int
| /* end confdefs.h.  */
| #ifdef HAVE_STDINT_H
| #include <stdint.h>
| #elif defined(HAVE_INTTYPES_H)
| #include <inttypes.h>
| #endif
| #ifdef HAVE_SYS_TYPES_H
| #include <sys/types.h>
| #endif
| 
| int
| main ()
| {
| if (sizeof (uintptr_t))
| 	 return 0;
|   ;
|   return 0;
| }
configure:13780: result: no
configure:13799: checking for fd_mask
configure:13799: gcc -c -g -O2 -Wall -fno-strict-aliasing  conftest.c >&5
conftest.c: In function 'main':
conftest.c:36:13: error: 'fd_mask' undeclared (first use in this function)
 if (sizeof (fd_mask))
             ^
conftest.c:36:13: note: each undeclared identifier is reported only once for each function it appears in
configure:13799: $? = 1
configure: failed program was:
| #define HAVE_INET_ATON 1
| #define HAVE_PIPE 1
| #define HAVE_EVENTFD 1
| #define HAVE_SENDFILE 1
| #define HAVE_MMAP 1
| #define HAVE_SPLICE 1
| #define HAVE_GETEUID 1
| #define HAVE_GETEGID 1
| #define HAVE_GETPROTOBYNUMBER 1
| #define HAVE_SETENV 1
| #define HAVE_UNSETENV 1
| #define HAVE_PUTENV 1
| #define HAVE_SYSCTL 1
| #define HAVE_UMASK 1
| #define HAVE_GETSERVBYNAME 1
| #define HAVE_GETHOSTBYNAME_R 1
| #define HAVE_GETHOSTBYNAME_R_6_ARG 1
| #define SIZEOF_LONG 8
| #define HAVE_SETFD 1
| #define HAVE_SELECT 1
| #define HAVE_POLL 1
| #define HAVE_EPOLL_CTL 1
| #define HAVE_EPOLL 1
| #define pid_t int
| /* end confdefs.h.  */
| #ifdef HAVE_SYS_TYPES_H
| #include <sys/types.h>
| #endif
| #ifdef HAVE_SYS_SELECT_H
| #include <sys/select.h>
| #endif
| 
| int
| main ()
| {
| if (sizeof (fd_mask))
| 	 return 0;
|   ;
|   return 0;
| }
configure:13799: result: no
configure:13820: checking size of long long
configure:13825: gcc -o conftest -g -O2 -Wall -fno-strict-aliasing   conftest.c  >&5
conftest.c:24:15: error: two or more data types in declaration specifiers
 #define pid_t int
               ^
configure:13825: $? = 1
configure: program exited with status 1
configure: failed program was:
| #define HAVE_INET_ATON 1
| #define HAVE_PIPE 1
| #define HAVE_EVENTFD 1
| #define HAVE_SENDFILE 1
| #define HAVE_MMAP 1
| #define HAVE_SPLICE 1
| #define HAVE_GETEUID 1
| #define HAVE_GETEGID 1
| #define HAVE_GETPROTOBYNUMBER 1
| #define HAVE_SETENV 1
| #define HAVE_UNSETENV 1
| #define HAVE_PUTENV 1
| #define HAVE_SYSCTL 1
| #define HAVE_UMASK 1
| #define HAVE_GETSERVBYNAME 1
| #define HAVE_GETHOSTBYNAME_R 1
| #define HAVE_GETHOSTBYNAME_R_6_ARG 1
| #define SIZEOF_LONG 8
| #define HAVE_SETFD 1
| #define HAVE_SELECT 1
| #define HAVE_POLL 1
| #define HAVE_EPOLL_CTL 1
| #define HAVE_EPOLL 1
| #define pid_t int
| /* end confdefs.h.  */
| #include <stdio.h>
| #ifdef HAVE_SYS_TYPES_H
| # include <sys/types.h>
| #endif
| #ifdef HAVE_SYS_STAT_H
| # include <sys/stat.h>
| #endif
| #ifdef STDC_HEADERS
| # include <stdlib.h>
| # include <stddef.h>
| #else
| # ifdef HAVE_STDLIB_H
| #  include <stdlib.h>
| # endif
| #endif
| #ifdef HAVE_STRING_H
| # if !defined STDC_HEADERS && defined HAVE_MEMORY_H
| #  include <memory.h>
| # endif
| # include <string.h>
| #endif
| #ifdef HAVE_STRINGS_H
| # include <strings.h>
| #endif
| #ifdef HAVE_INTTYPES_H
| # include <inttypes.h>
| #endif
| #ifdef HAVE_STDINT_H
| # include <stdint.h>
| #endif
| #ifdef HAVE_UNISTD_H
| # include <unistd.h>
| #endif
| static long int longval () { return (long int) (sizeof (long long)); }
| static unsigned long int ulongval () { return (long int) (sizeof (long long)); }
| #include <stdio.h>
| #include <stdlib.h>
| int
| main ()
| {
| 
|   FILE *f = fopen ("conftest.val", "w");
|   if (! f)
|     return 1;
|   if (((long int) (sizeof (long long))) < 0)
|     {
|       long int i = longval ();
|       if (i != ((long int) (sizeof (long long))))
| 	return 1;
|       fprintf (f, "%ld", i);
|     }
|   else
|     {
|       unsigned long int i = ulongval ();
|       if (i != ((long int) (sizeof (long long))))
| 	return 1;
|       fprintf (f, "%lu", i);
|     }
|   /* Do not output a trailing newline, as this causes \r\n confusion
|      on some platforms.  */
|   return ferror (f) || fclose (f) != 0;
| 
|   ;
|   return 0;
| }
configure:13839: result: 0
configure:13853: checking size of long
configure:13872: result: 8
configure:13886: checking size of int
configure:13891: gcc -o conftest -g -O2 -Wall -fno-strict-aliasing   conftest.c  >&5
conftest.c:24:15: error: two or more data types in declaration specifiers
 #define pid_t int
               ^
configure:13891: $? = 1
configure: program exited with status 1
configure: failed program was:
| #define HAVE_INET_ATON 1
| #define HAVE_PIPE 1
| #define HAVE_EVENTFD 1
| #define HAVE_SENDFILE 1
| #define HAVE_MMAP 1
| #define HAVE_SPLICE 1
| #define HAVE_GETEUID 1
| #define HAVE_GETEGID 1
| #define HAVE_GETPROTOBYNUMBER 1
| #define HAVE_SETENV 1
| #define HAVE_UNSETENV 1
| #define HAVE_PUTENV 1
| #define HAVE_SYSCTL 1
| #define HAVE_UMASK 1
| #define HAVE_GETSERVBYNAME 1
| #define HAVE_GETHOSTBYNAME_R 1
| #define HAVE_GETHOSTBYNAME_R_6_ARG 1
| #define SIZEOF_LONG 8
| #define HAVE_SETFD 1
| #define HAVE_SELECT 1
| #define HAVE_POLL 1
| #define HAVE_EPOLL_CTL 1
| #define HAVE_EPOLL 1
| #define pid_t int
| #define SIZEOF_LONG_LONG 0
| #define SIZEOF_LONG 8
| /* end confdefs.h.  */
| #include <stdio.h>
| #ifdef HAVE_SYS_TYPES_H
| # include <sys/types.h>
| #endif
| #ifdef HAVE_SYS_STAT_H
| # include <sys/stat.h>
| #endif
| #ifdef STDC_HEADERS
| # include <stdlib.h>
| # include <stddef.h>
| #else
| # ifdef HAVE_STDLIB_H
| #  include <stdlib.h>
| # endif
| #endif
| #ifdef HAVE_STRING_H
| # if !defined STDC_HEADERS && defined HAVE_MEMORY_H
| #  include <memory.h>
| # endif
| # include <string.h>
| #endif
| #ifdef HAVE_STRINGS_H
| # include <strings.h>
| #endif
| #ifdef HAVE_INTTYPES_H
| # include <inttypes.h>
| #endif
| #ifdef HAVE_STDINT_H
| # include <stdint.h>
| #endif
| #ifdef HAVE_UNISTD_H
| # include <unistd.h>
| #endif
| static long int longval () { return (long int) (sizeof (int)); }
| static unsigned long int ulongval () { return (long int) (sizeof (int)); }
| #include <stdio.h>
| #include <stdlib.h>
| int
| main ()
| {
| 
|   FILE *f = fopen ("conftest.val", "w");
|   if (! f)
|     return 1;
|   if (((long int) (sizeof (int))) < 0)
|     {
|       long int i = longval ();
|       if (i != ((long int) (sizeof (int))))
| 	return 1;
|       fprintf (f, "%ld", i);
|     }
|   else
|     {
|       unsigned long int i = ulongval ();
|       if (i != ((long int) (sizeof (int))))
| 	return 1;
|       fprintf (f, "%lu", i);
|     }
|   /* Do not output a trailing newline, as this causes \r\n confusion
|      on some platforms.  */
|   return ferror (f) || fclose (f) != 0;
| 
|   ;
|   return 0;
| }
configure:13905: result: 0
configure:13919: checking size of short
configure:13924: gcc -o conftest -g -O2 -Wall -fno-strict-aliasing   conftest.c  >&5
conftest.c:24:15: error: two or more data types in declaration specifiers
 #define pid_t int
               ^
configure:13924: $? = 1
configure: program exited with status 1
configure: failed program was:
| #define HAVE_INET_ATON 1
| #define HAVE_PIPE 1
| #define HAVE_EVENTFD 1
| #define HAVE_SENDFILE 1
| #define HAVE_MMAP 1
| #define HAVE_SPLICE 1
| #define HAVE_GETEUID 1
| #define HAVE_GETEGID 1
| #define HAVE_GETPROTOBYNUMBER 1
| #define HAVE_SETENV 1
| #define HAVE_UNSETENV 1
| #define HAVE_PUTENV 1
| #define HAVE_SYSCTL 1
| #define HAVE_UMASK 1
| #define HAVE_GETSERVBYNAME 1
| #define HAVE_GETHOSTBYNAME_R 1
| #define HAVE_GETHOSTBYNAME_R_6_ARG 1
| #define SIZEOF_LONG 8
| #define HAVE_SETFD 1
| #define HAVE_SELECT 1
| #define HAVE_POLL 1
| #define HAVE_EPOLL_CTL 1
| #define HAVE_EPOLL 1
| #define pid_t int
| #define SIZEOF_LONG_LONG 0
| #define SIZEOF_LONG 8
| #define SIZEOF_INT 0
| /* end confdefs.h.  */
| #include <stdio.h>
| #ifdef HAVE_SYS_TYPES_H
| # include <sys/types.h>
| #endif
| #ifdef HAVE_SYS_STAT_H
| # include <sys/stat.h>
| #endif
| #ifdef STDC_HEADERS
| # include <stdlib.h>
| # include <stddef.h>
| #else
| # ifdef HAVE_STDLIB_H
| #  include <stdlib.h>
| # endif
| #endif
| #ifdef HAVE_STRING_H
| # if !defined STDC_HEADERS && defined HAVE_MEMORY_H
| #  include <memory.h>
| # endif
| # include <string.h>
| #endif
| #ifdef HAVE_STRINGS_H
| # include <strings.h>
| #endif
| #ifdef HAVE_INTTYPES_H
| # include <inttypes.h>
| #endif
| #ifdef HAVE_STDINT_H
| # include <stdint.h>
| #endif
| #ifdef HAVE_UNISTD_H
| # include <unistd.h>
| #endif
| static long int longval () { return (long int) (sizeof (short)); }
| static unsigned long int ulongval () { return (long int) (sizeof (short)); }
| #include <stdio.h>
| #include <stdlib.h>
| int
| main ()
| {
| 
|   FILE *f = fopen ("conftest.val", "w");
|   if (! f)
|     return 1;
|   if (((long int) (sizeof (short))) < 0)
|     {
|       long int i = longval ();
|       if (i != ((long int) (sizeof (short))))
| 	return 1;
|       fprintf (f, "%ld", i);
|     }
|   else
|     {
|       unsigned long int i = ulongval ();
|       if (i != ((long int) (sizeof (short))))
| 	return 1;
|       fprintf (f, "%lu", i);
|     }
|   /* Do not output a trailing newline, as this causes \r\n confusion
|      on some platforms.  */
|   return ferror (f) || fclose (f) != 0;
| 
|   ;
|   return 0;
| }
configure:13938: result: 0
configure:13952: checking size of size_t
configure:13957: gcc -o conftest -g -O2 -Wall -fno-strict-aliasing   conftest.c  >&5
conftest.c:24:15: error: two or more data types in declaration specifiers
 #define pid_t int
               ^
configure:13957: $? = 1
configure: program exited with status 1
configure: failed program was:
| #define HAVE_INET_ATON 1
| #define HAVE_PIPE 1
| #define HAVE_EVENTFD 1
| #define HAVE_SENDFILE 1
| #define HAVE_MMAP 1
| #define HAVE_SPLICE 1
| #define HAVE_GETEUID 1
| #define HAVE_GETEGID 1
| #define HAVE_GETPROTOBYNUMBER 1
| #define HAVE_SETENV 1
| #define HAVE_UNSETENV 1
| #define HAVE_PUTENV 1
| #define HAVE_SYSCTL 1
| #define HAVE_UMASK 1
| #define HAVE_GETSERVBYNAME 1
| #define HAVE_GETHOSTBYNAME_R 1
| #define HAVE_GETHOSTBYNAME_R_6_ARG 1
| #define SIZEOF_LONG 8
| #define HAVE_SETFD 1
| #define HAVE_SELECT 1
| #define HAVE_POLL 1
| #define HAVE_EPOLL_CTL 1
| #define HAVE_EPOLL 1
| #define pid_t int
| #define SIZEOF_LONG_LONG 0
| #define SIZEOF_LONG 8
| #define SIZEOF_INT 0
| #define SIZEOF_SHORT 0
| /* end confdefs.h.  */
| #include <stdio.h>
| #ifdef HAVE_SYS_TYPES_H
| # include <sys/types.h>
| #endif
| #ifdef HAVE_SYS_STAT_H
| # include <sys/stat.h>
| #endif
| #ifdef STDC_HEADERS
| # include <stdlib.h>
| # include <stddef.h>
| #else
| # ifdef HAVE_STDLIB_H
| #  include <stdlib.h>
| # endif
| #endif
| #ifdef HAVE_STRING_H
| # if !defined STDC_HEADERS && defined HAVE_MEMORY_H
| #  include <memory.h>
| # endif
| # include <string.h>
| #endif
| #ifdef HAVE_STRINGS_H
| # include <strings.h>
| #endif
| #ifdef HAVE_INTTYPES_H
| # include <inttypes.h>
| #endif
| #ifdef HAVE_STDINT_H
| # include <stdint.h>
| #endif
| #ifdef HAVE_UNISTD_H
| # include <unistd.h>
| #endif
| static long int longval () { return (long int) (sizeof (size_t)); }
| static unsigned long int ulongval () { return (long int) (sizeof (size_t)); }
| #include <stdio.h>
| #include <stdlib.h>
| int
| main ()
| {
| 
|   FILE *f = fopen ("conftest.val", "w");
|   if (! f)
|     return 1;
|   if (((long int) (sizeof (size_t))) < 0)
|     {
|       long int i = longval ();
|       if (i != ((long int) (sizeof (size_t))))
| 	return 1;
|       fprintf (f, "%ld", i);
|     }
|   else
|     {
|       unsigned long int i = ulongval ();
|       if (i != ((long int) (sizeof (size_t))))
| 	return 1;
|       fprintf (f, "%lu", i);
|     }
|   /* Do not output a trailing newline, as this causes \r\n confusion
|      on some platforms.  */
|   return ferror (f) || fclose (f) != 0;
| 
|   ;
|   return 0;
| }
configure:13961: error: in `/root/.c9/libevent-2.0.21-stable':
configure:13963: error: cannot compute sizeof (size_t)
See `config.log' for more details

## ---------------- ##
## Cache variables. ##
## ---------------- ##

ac_cv_build=x86_64-unknown-linux-gnu
ac_cv_c_compiler_gnu=yes
ac_cv_c_const=yes
ac_cv_c_inline=inline
ac_cv_env_CC_set=
ac_cv_env_CC_value=
ac_cv_env_CFLAGS_set=
ac_cv_env_CFLAGS_value=
ac_cv_env_CPPFLAGS_set=
ac_cv_env_CPPFLAGS_value=
ac_cv_env_CPP_set=
ac_cv_env_CPP_value=
ac_cv_env_LDFLAGS_set=
ac_cv_env_LDFLAGS_value=
ac_cv_env_LIBS_set=
ac_cv_env_LIBS_value=
ac_cv_env_build_alias_set=
ac_cv_env_build_alias_value=
ac_cv_env_host_alias_set=
ac_cv_env_host_alias_value=
ac_cv_env_target_alias_set=
ac_cv_env_target_alias_value=
ac_cv_func_arc4random=no
ac_cv_func_arc4random_buf=no
ac_cv_func_clock_gettime=yes
ac_cv_func_epoll_ctl=yes
ac_cv_func_eventfd=yes
ac_cv_func_fcntl=yes
ac_cv_func_getegid=yes
ac_cv_func_geteuid=yes
ac_cv_func_gethostbyname_r=yes
ac_cv_func_getnameinfo=yes
ac_cv_func_getprotobynumber=yes
ac_cv_func_getservbyname=yes
ac_cv_func_gettimeofday=yes
ac_cv_func_inet_aton=yes
ac_cv_func_inet_ntop=yes
ac_cv_func_inet_pton=yes
ac_cv_func_issetugid=no
ac_cv_func_mmap=yes
ac_cv_func_pipe=yes
ac_cv_func_poll=yes
ac_cv_func_port_create=no
ac_cv_func_putenv=yes
ac_cv_func_select=yes
ac_cv_func_sendfile=yes
ac_cv_func_setenv=yes
ac_cv_func_sigaction=yes
ac_cv_func_signal=yes
ac_cv_func_splice=yes
ac_cv_func_strlcpy=no
ac_cv_func_strsep=yes
ac_cv_func_strtok_r=yes
ac_cv_func_strtoll=yes
ac_cv_func_sysctl=yes
ac_cv_func_umask=yes
ac_cv_func_unsetenv=yes
ac_cv_func_vasprintf=yes
ac_cv_have_decl_CTL_KERN=yes
ac_cv_have_decl_KERN_ARND=no
ac_cv_have_decl_KERN_RANDOM=yes
ac_cv_have_decl_RANDOM_UUID=yes
ac_cv_header_arpa_inet_h=yes
ac_cv_header_dlfcn_h=yes
ac_cv_header_fcntl_h=yes
ac_cv_header_inttypes_h=yes
ac_cv_header_memory_h=yes
ac_cv_header_netdb_h=yes
ac_cv_header_netinet_in6_h=no
ac_cv_header_netinet_in_h=yes
ac_cv_header_openssl_bio_h=yes
ac_cv_header_poll_h=yes
ac_cv_header_port_h=no
ac_cv_header_stdarg_h=yes
ac_cv_header_stdc=yes
ac_cv_header_stddef_h=yes
ac_cv_header_stdint_h=yes
ac_cv_header_stdlib_h=yes
ac_cv_header_string_h=yes
ac_cv_header_strings_h=yes
ac_cv_header_sys_devpoll_h=no
ac_cv_header_sys_epoll_h=yes
ac_cv_header_sys_event_h=no
ac_cv_header_sys_eventfd_h=yes
ac_cv_header_sys_ioctl_h=yes
ac_cv_header_sys_mman_h=yes
ac_cv_header_sys_param_h=yes
ac_cv_header_sys_queue_h=yes
ac_cv_header_sys_select_h=yes
ac_cv_header_sys_sendfile_h=no
ac_cv_header_sys_socket_h=yes
ac_cv_header_sys_stat_h=yes
ac_cv_header_sys_sysctl_h=yes
ac_cv_header_sys_time_h=yes
ac_cv_header_sys_types_h=yes
ac_cv_header_sys_uio_h=yes
ac_cv_header_sys_wait_h=yes
ac_cv_header_time=yes
ac_cv_header_unistd_h=yes
ac_cv_header_zlib_h=yes
ac_cv_host=x86_64-unknown-linux-gnu
ac_cv_objext=o
ac_cv_path_EGREP='/bin/grep -E'
ac_cv_path_FGREP='/bin/grep -F'
ac_cv_path_GREP=/bin/grep
ac_cv_path_SED=/bin/sed
ac_cv_path_install='/usr/bin/install -c'
ac_cv_path_mkdir=/bin/mkdir
ac_cv_prog_AWK=mawk
ac_cv_prog_CPP='gcc -E'
ac_cv_prog_ac_ct_AR=ar
ac_cv_prog_ac_ct_CC=gcc
ac_cv_prog_ac_ct_MANIFEST_TOOL=mt
ac_cv_prog_ac_ct_OBJDUMP=objdump
ac_cv_prog_ac_ct_RANLIB=ranlib
ac_cv_prog_ac_ct_STRIP=strip
ac_cv_prog_cc_c89=
ac_cv_prog_cc_g=yes
ac_cv_prog_cc_gcc_c_o=yes
ac_cv_prog_gcc_traditional=no
ac_cv_prog_make_make_set=yes
ac_cv_search_SSL_new=-lssl
ac_cv_search_clock_gettime='none required'
ac_cv_search_inet_aton='none required'
ac_cv_search_inet_ntoa='none required'
ac_cv_search_inflateEnd=-lz
ac_cv_search_sendfile='none required'
ac_cv_search_socket='none required'
ac_cv_sizeof_int=0
ac_cv_sizeof_long=8
ac_cv_sizeof_long_long=0
ac_cv_sizeof_short=0
ac_cv_type_fd_mask=no
ac_cv_type_pid_t=no
ac_cv_type_size_t=yes
ac_cv_type_ssize_t=yes
ac_cv_type_uint16_t=no
ac_cv_type_uint32_t=no
ac_cv_type_uint64_t=no
ac_cv_type_uint8_t=no
ac_cv_type_uintptr_t=no
am_cv_CC_dependencies_compiler_type=gcc3
libevent_cv_getaddrinfo=no
lt_cv_ar_at_file=@
lt_cv_archive_cmds_need_lc=no
lt_cv_deplibs_check_method=pass_all
lt_cv_file_magic_cmd='$MAGIC_CMD'
lt_cv_file_magic_test_file=
lt_cv_ld_reload_flag=-r
lt_cv_nm_interface='BSD nm'
lt_cv_objdir=.libs
lt_cv_path_LD=/usr/bin/ld
lt_cv_path_NM='/usr/bin/nm -B'
lt_cv_path_mainfest_tool=no
lt_cv_prog_compiler_c_o=yes
lt_cv_prog_compiler_pic='-fPIC -DPIC'
lt_cv_prog_compiler_pic_works=yes
lt_cv_prog_compiler_rtti_exceptions=no
lt_cv_prog_compiler_static_works=yes
lt_cv_prog_gnu_ld=yes
lt_cv_sharedlib_from_linklib_cmd='printf %s\n'
lt_cv_shlibpath_overrides_runpath=no
lt_cv_sys_global_symbol_pipe='sed -n -e '\''s/^.*[	 ]\([ABCDGIRSTW][ABCDGIRSTW]*\)[	 ][	 ]*\([_A-Za-z][_A-Za-z0-9]*\)$/\1 \2 \2/p'\'' | sed '\''/ __gnu_lto/d'\'''
lt_cv_sys_global_symbol_to_c_name_address='sed -n -e '\''s/^: \([^ ]*\)[ ]*$/  {\"\1\", (void *) 0},/p'\'' -e '\''s/^[ABCDGIRSTW]* \([^ ]*\) \([^ ]*\)$/  {"\2", (void *) \&\2},/p'\'''
lt_cv_sys_global_symbol_to_c_name_address_lib_prefix='sed -n -e '\''s/^: \([^ ]*\)[ ]*$/  {\"\1\", (void *) 0},/p'\'' -e '\''s/^[ABCDGIRSTW]* \([^ ]*\) \(lib[^ ]*\)$/  {"\2", (void *) \&\2},/p'\'' -e '\''s/^[ABCDGIRSTW]* \([^ ]*\) \([^ ]*\)$/  {"lib\2", (void *) \&\2},/p'\'''
lt_cv_sys_global_symbol_to_cdecl='sed -n -e '\''s/^T .* \(.*\)$/extern int \1();/p'\'' -e '\''s/^[ABCDGIRSTW]* .* \(.*\)$/extern char \1;/p'\'''
lt_cv_sys_max_cmd_len=1572864
lt_cv_to_host_file_cmd=func_convert_file_noop
lt_cv_to_tool_file_cmd=func_convert_file_noop

## ----------------- ##
## Output variables. ##
## ----------------- ##

ACLOCAL='${SHELL} /root/.c9/libevent-2.0.21-stable/missing --run aclocal-1.11'
AMDEPBACKSLASH='\'
AMDEP_FALSE='#'
AMDEP_TRUE=''
AMTAR='$${TAR-tar}'
AR='ar'
AUTOCONF='${SHELL} /root/.c9/libevent-2.0.21-stable/missing --run autoconf'
AUTOHEADER='${SHELL} /root/.c9/libevent-2.0.21-stable/missing --run autoheader'
AUTOMAKE='${SHELL} /root/.c9/libevent-2.0.21-stable/missing --run automake-1.11'
AWK='mawk'
BUILD_CYGWIN_FALSE=''
BUILD_CYGWIN_TRUE='#'
BUILD_REGRESS_FALSE='#'
BUILD_REGRESS_TRUE=''
BUILD_WIN32_FALSE=''
BUILD_WIN32_TRUE='#'
BUILD_WITH_NO_UNDEFINED_FALSE=''
BUILD_WITH_NO_UNDEFINED_TRUE='#'
CC='gcc'
CCDEPMODE='depmode=gcc3'
CFLAGS='-g -O2 -Wall -fno-strict-aliasing'
CPP='gcc -E'
CPPFLAGS=''
CYGPATH_W='echo'
DEFS=''
DEPDIR='.deps'
DEVPOLL_BACKEND_FALSE=''
DEVPOLL_BACKEND_TRUE='#'
DLLTOOL='false'
DSYMUTIL=''
DUMPBIN=''
ECHO_C=''
ECHO_N='-n'
ECHO_T=''
EGREP='/bin/grep -E'
EPOLL_BACKEND_FALSE='#'
EPOLL_BACKEND_TRUE=''
EVPORT_BACKEND_FALSE=''
EVPORT_BACKEND_TRUE='#'
EV_LIB_GDI=''
EV_LIB_WS32=''
EXEEXT=''
FGREP='/bin/grep -F'
GREP='/bin/grep'
INSTALL_DATA='${INSTALL} -m 644'
INSTALL_LIBEVENT_FALSE=''
INSTALL_LIBEVENT_TRUE=''
INSTALL_PROGRAM='${INSTALL}'
INSTALL_SCRIPT='${INSTALL}'
INSTALL_STRIP_PROGRAM='$(install_sh) -c -s'
KQUEUE_BACKEND_FALSE=''
KQUEUE_BACKEND_TRUE='#'
LD='/usr/bin/ld -m elf_x86_64'
LDFLAGS=''
LIBEVENT_GC_SECTIONS=''
LIBOBJS=''
LIBS=''
LIBTOOL='$(SHELL) $(top_builddir)/libtool'
LIBTOOL_DEPS='./ltmain.sh'
LIPO=''
LN_S='ln -s'
LTLIBOBJS=''
MAKEINFO='${SHELL} /root/.c9/libevent-2.0.21-stable/missing --run makeinfo'
MANIFEST_TOOL=':'
MKDIR_P='/bin/mkdir -p'
NM='/usr/bin/nm -B'
NMEDIT=''
OBJDUMP='objdump'
OBJEXT='o'
OPENSSL_FALSE=''
OPENSSL_LIBADD=''
OPENSSL_LIBS='-lssl  -lcrypto   '
OPENSSL_TRUE=''
OTOOL64=''
OTOOL=''
PACKAGE='libevent'
PACKAGE_BUGREPORT=''
PACKAGE_NAME=''
PACKAGE_STRING=''
PACKAGE_TARNAME=''
PACKAGE_URL=''
PACKAGE_VERSION=''
PATH_SEPARATOR=':'
POLL_BACKEND_FALSE='#'
POLL_BACKEND_TRUE=''
PTHREADS_FALSE=''
PTHREADS_TRUE=''
PTHREAD_CC=''
PTHREAD_CFLAGS=''
PTHREAD_LIBS=''
RANLIB='ranlib'
SED='/bin/sed'
SELECT_BACKEND_FALSE='#'
SELECT_BACKEND_TRUE=''
SET_MAKE=''
SHELL='/bin/bash'
SIGNAL_SUPPORT_FALSE='#'
SIGNAL_SUPPORT_TRUE=''
STRIP='strip'
VERSION='2.0.21-stable'
ZLIB_LIBS='-lz '
ZLIB_REGRESS_FALSE='#'
ZLIB_REGRESS_TRUE=''
ac_ct_AR='ar'
ac_ct_CC='gcc'
ac_ct_DUMPBIN=''
acx_pthread_config=''
am__EXEEXT_FALSE=''
am__EXEEXT_TRUE=''
am__fastdepCC_FALSE='#'
am__fastdepCC_TRUE=''
am__include='include'
am__isrc=''
am__leading_dot='.'
am__nodep='_no'
am__quote=''
am__tar='$${TAR-tar} chof - "$$tardir"'
am__untar='$${TAR-tar} xf -'
bindir='${exec_prefix}/bin'
build='x86_64-unknown-linux-gnu'
build_alias=''
build_cpu='x86_64'
build_os='linux-gnu'
build_vendor='unknown'
datadir='${datarootdir}'
datarootdir='${prefix}/share'
docdir='${datarootdir}/doc/${PACKAGE}'
dvidir='${docdir}'
exec_prefix='NONE'
host='x86_64-unknown-linux-gnu'
host_alias=''
host_cpu='x86_64'
host_os='linux-gnu'
host_vendor='unknown'
htmldir='${docdir}'
includedir='${prefix}/include'
infodir='${datarootdir}/info'
install_sh='${SHELL} /root/.c9/libevent-2.0.21-stable/install-sh'
libdir='${exec_prefix}/lib'
libexecdir='${exec_prefix}/libexec'
localedir='${datarootdir}/locale'
localstatedir='${prefix}/var'
mandir='${datarootdir}/man'
mkdir_p='/bin/mkdir -p'
oldincludedir='/usr/include'
pdfdir='${docdir}'
prefix='/root/.c9/local'
program_transform_name='s,x,x,'
psdir='${docdir}'
sbindir='${exec_prefix}/sbin'
sharedstatedir='${prefix}/com'
sysconfdir='${prefix}/etc'
target_alias=''

## ----------- ##
## confdefs.h. ##
## ----------- ##

#define HAVE_INET_ATON 1
#define HAVE_PIPE 1
#define HAVE_EVENTFD 1
#define HAVE_SENDFILE 1
#define HAVE_MMAP 1
#define HAVE_SPLICE 1
#define HAVE_GETEUID 1
#define HAVE_GETEGID 1
#define HAVE_GETPROTOBYNUMBER 1
#define HAVE_SETENV 1
#define HAVE_UNSETENV 1
#define HAVE_PUTENV 1
#define HAVE_SYSCTL 1
#define HAVE_UMASK 1
#define HAVE_GETSERVBYNAME 1
#define HAVE_GETHOSTBYNAME_R 1
#define HAVE_GETHOSTBYNAME_R_6_ARG 1
#define SIZEOF_LONG 8
#define HAVE_SETFD 1
#define HAVE_SELECT 1
#define HAVE_POLL 1
#define HAVE_EPOLL_CTL 1
#define HAVE_EPOLL 1
#define pid_t int
#define SIZEOF_LONG_LONG 0
#define SIZEOF_LONG 8
#define SIZEOF_INT 0
#define SIZEOF_SHORT 0

configure: exit 77
